[debug] [2025-09-26T00:25:33.173Z] ----------------------------------------------------------------------
[debug] [2025-09-26T00:25:33.179Z] Command:       /home/autumn/.nvm/versions/node/v22.13.0/bin/node /home/autumn/.nvm/versions/node/v22.13.0/bin/firebase deploy --only functions
[debug] [2025-09-26T00:25:33.180Z] CLI Version:   14.2.2
[debug] [2025-09-26T00:25:33.181Z] Platform:      linux
[debug] [2025-09-26T00:25:33.181Z] Node Version:  v22.13.0
[debug] [2025-09-26T00:25:33.182Z] Time:          Fri Sep 26 2025 05:55:33 GMT+0530 (India Standard Time)
[debug] [2025-09-26T00:25:33.182Z] ----------------------------------------------------------------------
[debug] 
[debug] [2025-09-26T00:25:33.915Z] > command requires scopes: ["email","openid","https://www.googleapis.com/auth/cloudplatformprojects.readonly","https://www.googleapis.com/auth/firebase","https://www.googleapis.com/auth/cloud-platform"]
[debug] [2025-09-26T00:25:33.916Z] > authorizing via signed-in user (wintersunset95@gmail.com)
[debug] [2025-09-26T00:25:33.917Z] [iam] checking project peekaboo-fbf1a for permissions ["cloudfunctions.functions.create","cloudfunctions.functions.delete","cloudfunctions.functions.get","cloudfunctions.functions.list","cloudfunctions.functions.update","cloudfunctions.operations.get","firebase.projects.get"]
[debug] [2025-09-26T00:25:33.918Z] Checked if tokens are valid: true, expires at: 1758848600737
[debug] [2025-09-26T00:25:33.918Z] Checked if tokens are valid: true, expires at: 1758848600737
[debug] [2025-09-26T00:25:33.920Z] >>> [apiv2][query] POST https://cloudresourcemanager.googleapis.com/v1/projects/peekaboo-fbf1a:testIamPermissions [none]
[debug] [2025-09-26T00:25:33.920Z] >>> [apiv2][(partial)header] POST https://cloudresourcemanager.googleapis.com/v1/projects/peekaboo-fbf1a:testIamPermissions x-goog-quota-user=projects/peekaboo-fbf1a
[debug] [2025-09-26T00:25:33.921Z] >>> [apiv2][body] POST https://cloudresourcemanager.googleapis.com/v1/projects/peekaboo-fbf1a:testIamPermissions {"permissions":["cloudfunctions.functions.create","cloudfunctions.functions.delete","cloudfunctions.functions.get","cloudfunctions.functions.list","cloudfunctions.functions.update","cloudfunctions.operations.get","firebase.projects.get"]}
[debug] [2025-09-26T00:25:35.708Z] <<< [apiv2][status] POST https://cloudresourcemanager.googleapis.com/v1/projects/peekaboo-fbf1a:testIamPermissions 200
[debug] [2025-09-26T00:25:35.709Z] <<< [apiv2][body] POST https://cloudresourcemanager.googleapis.com/v1/projects/peekaboo-fbf1a:testIamPermissions {"permissions":["cloudfunctions.functions.create","cloudfunctions.functions.delete","cloudfunctions.functions.get","cloudfunctions.functions.list","cloudfunctions.functions.update","cloudfunctions.operations.get","firebase.projects.get"]}
[debug] [2025-09-26T00:25:35.709Z] Checked if tokens are valid: true, expires at: 1758848600737
[debug] [2025-09-26T00:25:35.709Z] Checked if tokens are valid: true, expires at: 1758848600737
[debug] [2025-09-26T00:25:35.709Z] >>> [apiv2][query] POST https://iam.googleapis.com/v1/projects/peekaboo-fbf1a/serviceAccounts/peekaboo-fbf1a@appspot.gserviceaccount.com:testIamPermissions [none]
[debug] [2025-09-26T00:25:35.710Z] >>> [apiv2][body] POST https://iam.googleapis.com/v1/projects/peekaboo-fbf1a/serviceAccounts/peekaboo-fbf1a@appspot.gserviceaccount.com:testIamPermissions {"permissions":["iam.serviceAccounts.actAs"]}
[debug] [2025-09-26T00:25:37.507Z] <<< [apiv2][status] POST https://iam.googleapis.com/v1/projects/peekaboo-fbf1a/serviceAccounts/peekaboo-fbf1a@appspot.gserviceaccount.com:testIamPermissions 200
[debug] [2025-09-26T00:25:37.507Z] <<< [apiv2][body] POST https://iam.googleapis.com/v1/projects/peekaboo-fbf1a/serviceAccounts/peekaboo-fbf1a@appspot.gserviceaccount.com:testIamPermissions {"permissions":["iam.serviceAccounts.actAs"]}
[info] 
[info] === Deploying to 'peekaboo-fbf1a'...
[info] 
[info] i  deploying functions 
[info] Running command: npm --prefix "$RESOURCE_DIR" run build
[info] ✔  functions: Finished running predeploy script. 
[debug] [2025-09-26T00:26:00.249Z] Checked if tokens are valid: true, expires at: 1758848600737
[debug] [2025-09-26T00:26:00.249Z] Checked if tokens are valid: true, expires at: 1758848600737
[debug] [2025-09-26T00:26:00.250Z] >>> [apiv2][query] GET https://cloudresourcemanager.googleapis.com/v1/projects/peekaboo-fbf1a [none]
[debug] [2025-09-26T00:26:01.935Z] <<< [apiv2][status] GET https://cloudresourcemanager.googleapis.com/v1/projects/peekaboo-fbf1a 200
[debug] [2025-09-26T00:26:01.936Z] <<< [apiv2][body] GET https://cloudresourcemanager.googleapis.com/v1/projects/peekaboo-fbf1a {"projectNumber":"1081048087865","projectId":"peekaboo-fbf1a","lifecycleState":"ACTIVE","name":"PeekABoo","labels":{"firebase":"enabled","firebase-core":"disabled"},"createTime":"2025-09-24T00:18:58.244176Z"}
[info] i  functions: preparing codebase default for deployment 
[info] i  functions: ensuring required API cloudfunctions.googleapis.com is enabled... 
[debug] [2025-09-26T00:26:01.944Z] Checked if tokens are valid: true, expires at: 1758848600737
[debug] [2025-09-26T00:26:01.944Z] Checked if tokens are valid: true, expires at: 1758848600737
[debug] [2025-09-26T00:26:01.944Z] Checked if tokens are valid: true, expires at: 1758848600737
[debug] [2025-09-26T00:26:01.945Z] Checked if tokens are valid: true, expires at: 1758848600737
[info] i  functions: ensuring required API cloudbuild.googleapis.com is enabled... 
[debug] [2025-09-26T00:26:01.945Z] Checked if tokens are valid: true, expires at: 1758848600737
[debug] [2025-09-26T00:26:01.945Z] Checked if tokens are valid: true, expires at: 1758848600737
[info] i  artifactregistry: ensuring required API artifactregistry.googleapis.com is enabled... 
[debug] [2025-09-26T00:26:01.946Z] Checked if tokens are valid: true, expires at: 1758848600737
[debug] [2025-09-26T00:26:01.946Z] Checked if tokens are valid: true, expires at: 1758848600737
[debug] [2025-09-26T00:26:01.946Z] >>> [apiv2][query] GET https://serviceusage.googleapis.com/v1/projects/peekaboo-fbf1a/services/cloudfunctions.googleapis.com [none]
[debug] [2025-09-26T00:26:01.946Z] >>> [apiv2][(partial)header] GET https://serviceusage.googleapis.com/v1/projects/peekaboo-fbf1a/services/cloudfunctions.googleapis.com x-goog-quota-user=projects/peekaboo-fbf1a
[debug] [2025-09-26T00:26:01.949Z] >>> [apiv2][query] GET https://serviceusage.googleapis.com/v1/projects/peekaboo-fbf1a/services/runtimeconfig.googleapis.com [none]
[debug] [2025-09-26T00:26:01.949Z] >>> [apiv2][(partial)header] GET https://serviceusage.googleapis.com/v1/projects/peekaboo-fbf1a/services/runtimeconfig.googleapis.com x-goog-quota-user=projects/peekaboo-fbf1a
[debug] [2025-09-26T00:26:01.951Z] >>> [apiv2][query] GET https://serviceusage.googleapis.com/v1/projects/peekaboo-fbf1a/services/cloudbuild.googleapis.com [none]
[debug] [2025-09-26T00:26:01.951Z] >>> [apiv2][(partial)header] GET https://serviceusage.googleapis.com/v1/projects/peekaboo-fbf1a/services/cloudbuild.googleapis.com x-goog-quota-user=projects/peekaboo-fbf1a
[debug] [2025-09-26T00:26:01.954Z] >>> [apiv2][query] GET https://serviceusage.googleapis.com/v1/projects/peekaboo-fbf1a/services/artifactregistry.googleapis.com [none]
[debug] [2025-09-26T00:26:01.954Z] >>> [apiv2][(partial)header] GET https://serviceusage.googleapis.com/v1/projects/peekaboo-fbf1a/services/artifactregistry.googleapis.com x-goog-quota-user=projects/peekaboo-fbf1a
[debug] [2025-09-26T00:26:03.935Z] <<< [apiv2][status] GET https://serviceusage.googleapis.com/v1/projects/peekaboo-fbf1a/services/cloudbuild.googleapis.com 200
[debug] [2025-09-26T00:26:03.936Z] <<< [apiv2][body] GET https://serviceusage.googleapis.com/v1/projects/peekaboo-fbf1a/services/cloudbuild.googleapis.com [omitted]
[info] ✔  functions: required API cloudbuild.googleapis.com is enabled 
[debug] [2025-09-26T00:26:03.975Z] <<< [apiv2][status] GET https://serviceusage.googleapis.com/v1/projects/peekaboo-fbf1a/services/artifactregistry.googleapis.com 200
[debug] [2025-09-26T00:26:03.975Z] <<< [apiv2][body] GET https://serviceusage.googleapis.com/v1/projects/peekaboo-fbf1a/services/artifactregistry.googleapis.com [omitted]
[info] ✔  artifactregistry: required API artifactregistry.googleapis.com is enabled 
[debug] [2025-09-26T00:26:03.977Z] <<< [apiv2][status] GET https://serviceusage.googleapis.com/v1/projects/peekaboo-fbf1a/services/cloudfunctions.googleapis.com 200
[debug] [2025-09-26T00:26:03.978Z] <<< [apiv2][body] GET https://serviceusage.googleapis.com/v1/projects/peekaboo-fbf1a/services/cloudfunctions.googleapis.com [omitted]
[info] ✔  functions: required API cloudfunctions.googleapis.com is enabled 
[debug] [2025-09-26T00:26:04.036Z] <<< [apiv2][status] GET https://serviceusage.googleapis.com/v1/projects/peekaboo-fbf1a/services/runtimeconfig.googleapis.com 200
[debug] [2025-09-26T00:26:04.037Z] <<< [apiv2][body] GET https://serviceusage.googleapis.com/v1/projects/peekaboo-fbf1a/services/runtimeconfig.googleapis.com [omitted]
[debug] [2025-09-26T00:26:04.037Z] Checked if tokens are valid: true, expires at: 1758848600737
[debug] [2025-09-26T00:26:04.037Z] Checked if tokens are valid: true, expires at: 1758848600737
[debug] [2025-09-26T00:26:04.037Z] >>> [apiv2][query] GET https://firebase.googleapis.com/v1beta1/projects/peekaboo-fbf1a/adminSdkConfig [none]
[debug] [2025-09-26T00:26:04.862Z] <<< [apiv2][status] GET https://firebase.googleapis.com/v1beta1/projects/peekaboo-fbf1a/adminSdkConfig 200
[debug] [2025-09-26T00:26:04.862Z] <<< [apiv2][body] GET https://firebase.googleapis.com/v1beta1/projects/peekaboo-fbf1a/adminSdkConfig {"projectId":"peekaboo-fbf1a","databaseURL":"https://peekaboo-fbf1a-default-rtdb.firebaseio.com","storageBucket":"peekaboo-fbf1a.firebasestorage.app"}
[debug] [2025-09-26T00:26:04.863Z] Checked if tokens are valid: true, expires at: 1758848600737
[debug] [2025-09-26T00:26:04.863Z] Checked if tokens are valid: true, expires at: 1758848600737
[debug] [2025-09-26T00:26:04.864Z] >>> [apiv2][query] GET https://runtimeconfig.googleapis.com/v1beta1/projects/peekaboo-fbf1a/configs [none]
[debug] [2025-09-26T00:26:05.729Z] <<< [apiv2][status] GET https://runtimeconfig.googleapis.com/v1beta1/projects/peekaboo-fbf1a/configs 200
[debug] [2025-09-26T00:26:05.729Z] <<< [apiv2][body] GET https://runtimeconfig.googleapis.com/v1beta1/projects/peekaboo-fbf1a/configs {}
[debug] [2025-09-26T00:26:05.732Z] Validating nodejs source
[debug] [2025-09-26T00:26:06.612Z] > [functions] package.json contents: {
  "name": "functions",
  "scripts": {
    "lint": "eslint --ext .js,.ts .",
    "build": "tsc",
    "build:watch": "tsc --watch",
    "serve": "npm run build && firebase emulators:start --only functions",
    "shell": "npm run build && firebase functions:shell",
    "start": "npm run shell",
    "deploy": "firebase deploy --only functions",
    "logs": "firebase functions:log"
  },
  "engines": {
    "node": "22"
  },
  "main": "lib/index.js",
  "dependencies": {
    "firebase-admin": "^12.6.0",
    "firebase-functions": "^6.0.1"
  },
  "devDependencies": {
    "@typescript-eslint/eslint-plugin": "^5.12.0",
    "@typescript-eslint/parser": "^5.12.0",
    "eslint": "^8.9.0",
    "eslint-config-google": "^0.14.0",
    "eslint-plugin-import": "^2.25.4",
    "firebase-functions-test": "^3.1.0",
    "typescript": "^4.9.0"
  },
  "private": true
}
[debug] [2025-09-26T00:26:06.612Z] Building nodejs source
[info] i  functions: Loading and analyzing source code for codebase default to determine what to deploy 
[debug] [2025-09-26T00:26:06.615Z] Could not find functions.yaml. Must use http discovery
[debug] [2025-09-26T00:26:06.626Z] Found firebase-functions binary at '/home/autumn/Apache/PeekABoo/peek-a-boo/functions/node_modules/.bin/firebase-functions'
[info] Serving at port 8722

[debug] [2025-09-26T00:26:07.145Z] Got response from /__/functions.yaml {"endpoints":{"userCreated":{"platform":"gcfv1","availableMemoryMb":null,"timeoutSeconds":null,"minInstances":null,"maxInstances":null,"ingressSettings":null,"serviceAccountEmail":null,"vpc":null,"eventTrigger":{"eventType":"providers/firebase.auth/eventTypes/user.create","eventFilters":{"resource":"projects/peekaboo-fbf1a"},"retry":false},"labels":{},"entryPoint":"userCreated"}},"specVersion":"v1alpha1","requiredAPIs":[],"extensions":{}}
[info] i  extensions: ensuring required API firebaseextensions.googleapis.com is enabled... 
[debug] [2025-09-26T00:26:11.231Z] Checked if tokens are valid: true, expires at: 1758848600737
[debug] [2025-09-26T00:26:11.231Z] Checked if tokens are valid: true, expires at: 1758848600737
[debug] [2025-09-26T00:26:11.231Z] >>> [apiv2][query] GET https://serviceusage.googleapis.com/v1/projects/peekaboo-fbf1a/services/firebaseextensions.googleapis.com [none]
[debug] [2025-09-26T00:26:11.231Z] >>> [apiv2][(partial)header] GET https://serviceusage.googleapis.com/v1/projects/peekaboo-fbf1a/services/firebaseextensions.googleapis.com x-goog-quota-user=projects/peekaboo-fbf1a
[debug] [2025-09-26T00:26:13.414Z] <<< [apiv2][status] GET https://serviceusage.googleapis.com/v1/projects/peekaboo-fbf1a/services/firebaseextensions.googleapis.com 200
[debug] [2025-09-26T00:26:13.414Z] <<< [apiv2][body] GET https://serviceusage.googleapis.com/v1/projects/peekaboo-fbf1a/services/firebaseextensions.googleapis.com [omitted]
[info] ✔  extensions: required API firebaseextensions.googleapis.com is enabled 
[debug] [2025-09-26T00:26:13.414Z] > command requires scopes: ["email","openid","https://www.googleapis.com/auth/cloudplatformprojects.readonly","https://www.googleapis.com/auth/firebase","https://www.googleapis.com/auth/cloud-platform"]
[debug] [2025-09-26T00:26:13.414Z] > authorizing via signed-in user (wintersunset95@gmail.com)
[debug] [2025-09-26T00:26:13.416Z] [iam] checking project peekaboo-fbf1a for permissions ["firebase.projects.get","firebaseextensions.instances.list"]
[debug] [2025-09-26T00:26:13.416Z] Checked if tokens are valid: true, expires at: 1758848600737
[debug] [2025-09-26T00:26:13.417Z] Checked if tokens are valid: true, expires at: 1758848600737
[debug] [2025-09-26T00:26:13.417Z] >>> [apiv2][query] POST https://cloudresourcemanager.googleapis.com/v1/projects/peekaboo-fbf1a:testIamPermissions [none]
[debug] [2025-09-26T00:26:13.417Z] >>> [apiv2][(partial)header] POST https://cloudresourcemanager.googleapis.com/v1/projects/peekaboo-fbf1a:testIamPermissions x-goog-quota-user=projects/peekaboo-fbf1a
[debug] [2025-09-26T00:26:13.417Z] >>> [apiv2][body] POST https://cloudresourcemanager.googleapis.com/v1/projects/peekaboo-fbf1a:testIamPermissions {"permissions":["firebase.projects.get","firebaseextensions.instances.list"]}
[debug] [2025-09-26T00:26:15.353Z] <<< [apiv2][status] POST https://cloudresourcemanager.googleapis.com/v1/projects/peekaboo-fbf1a:testIamPermissions 200
[debug] [2025-09-26T00:26:15.353Z] <<< [apiv2][body] POST https://cloudresourcemanager.googleapis.com/v1/projects/peekaboo-fbf1a:testIamPermissions {"permissions":["firebase.projects.get","firebaseextensions.instances.list"]}
[debug] [2025-09-26T00:26:15.354Z] Checked if tokens are valid: true, expires at: 1758848600737
[debug] [2025-09-26T00:26:15.355Z] Checked if tokens are valid: true, expires at: 1758848600737
[debug] [2025-09-26T00:26:15.356Z] >>> [apiv2][query] GET https://firebaseextensions.googleapis.com/v1beta/projects/peekaboo-fbf1a/instances pageSize=100&pageToken=
[debug] [2025-09-26T00:26:17.244Z] <<< [apiv2][status] GET https://firebaseextensions.googleapis.com/v1beta/projects/peekaboo-fbf1a/instances 200
[debug] [2025-09-26T00:26:17.244Z] <<< [apiv2][body] GET https://firebaseextensions.googleapis.com/v1beta/projects/peekaboo-fbf1a/instances {}
[info] i  functions: preparing functions directory for uploading... 
[info] i  functions: packaged /home/autumn/Apache/PeekABoo/peek-a-boo/functions (95.43 KB) for uploading 
[debug] [2025-09-26T00:26:17.341Z] Checked if tokens are valid: true, expires at: 1758848600737
[debug] [2025-09-26T00:26:17.342Z] Checked if tokens are valid: true, expires at: 1758848600737
[debug] [2025-09-26T00:26:17.342Z] >>> [apiv2][query] GET https://cloudfunctions.googleapis.com/v1/projects/peekaboo-fbf1a/locations/-/functions [none]
[debug] [2025-09-26T00:26:18.371Z] <<< [apiv2][status] GET https://cloudfunctions.googleapis.com/v1/projects/peekaboo-fbf1a/locations/-/functions 200
[debug] [2025-09-26T00:26:18.371Z] <<< [apiv2][body] GET https://cloudfunctions.googleapis.com/v1/projects/peekaboo-fbf1a/locations/-/functions {}
[debug] [2025-09-26T00:26:18.372Z] Checked if tokens are valid: true, expires at: 1758848600737
[debug] [2025-09-26T00:26:18.372Z] Checked if tokens are valid: true, expires at: 1758848600737
[debug] [2025-09-26T00:26:18.372Z] >>> [apiv2][query] GET https://cloudfunctions.googleapis.com/v2/projects/peekaboo-fbf1a/locations/-/functions filter=environment%3D%22GEN_2%22
[debug] [2025-09-26T00:26:20.156Z] <<< [apiv2][status] GET https://cloudfunctions.googleapis.com/v2/projects/peekaboo-fbf1a/locations/-/functions 200
[debug] [2025-09-26T00:26:20.156Z] <<< [apiv2][body] GET https://cloudfunctions.googleapis.com/v2/projects/peekaboo-fbf1a/locations/-/functions {}
[debug] [2025-09-26T00:26:20.161Z] Checked if tokens are valid: true, expires at: 1758848600737
[debug] [2025-09-26T00:26:20.161Z] Checked if tokens are valid: true, expires at: 1758848600737
[debug] [2025-09-26T00:26:20.163Z] >>> [apiv2][query] GET https://cloudresourcemanager.googleapis.com/v1/projects/peekaboo-fbf1a [none]
[debug] [2025-09-26T00:26:20.528Z] <<< [apiv2][status] GET https://cloudresourcemanager.googleapis.com/v1/projects/peekaboo-fbf1a 200
[debug] [2025-09-26T00:26:20.528Z] <<< [apiv2][body] GET https://cloudresourcemanager.googleapis.com/v1/projects/peekaboo-fbf1a {"projectNumber":"1081048087865","projectId":"peekaboo-fbf1a","lifecycleState":"ACTIVE","name":"PeekABoo","labels":{"firebase":"enabled","firebase-core":"disabled"},"createTime":"2025-09-24T00:18:58.244176Z"}
[debug] [2025-09-26T00:26:20.529Z] Checked if tokens are valid: true, expires at: 1758848600737
[debug] [2025-09-26T00:26:20.529Z] Checked if tokens are valid: true, expires at: 1758848600737
[debug] [2025-09-26T00:26:20.530Z] >>> [apiv2][query] GET https://cloudbilling.googleapis.com/v1/projects/peekaboo-fbf1a/billingInfo [none]
[debug] [2025-09-26T00:26:22.196Z] <<< [apiv2][status] GET https://cloudbilling.googleapis.com/v1/projects/peekaboo-fbf1a/billingInfo 200
[debug] [2025-09-26T00:26:22.196Z] <<< [apiv2][body] GET https://cloudbilling.googleapis.com/v1/projects/peekaboo-fbf1a/billingInfo {"name":"projects/peekaboo-fbf1a/billingInfo","projectId":"peekaboo-fbf1a","billingAccountName":"billingAccounts/01E920-78E303-137D15","billingEnabled":true}
[debug] [2025-09-26T00:26:22.198Z] Checked if tokens are valid: true, expires at: 1758848600737
[debug] [2025-09-26T00:26:22.198Z] Checked if tokens are valid: true, expires at: 1758848600737
[debug] [2025-09-26T00:26:22.198Z] >>> [apiv2][query] POST https://cloudfunctions.googleapis.com/v1/projects/peekaboo-fbf1a/locations/us-central1/functions:generateUploadUrl [none]
[debug] [2025-09-26T00:26:22.198Z] >>> [apiv2][body] POST https://cloudfunctions.googleapis.com/v1/projects/peekaboo-fbf1a/locations/us-central1/functions:generateUploadUrl {}
[debug] [2025-09-26T00:26:23.082Z] <<< [apiv2][status] POST https://cloudfunctions.googleapis.com/v1/projects/peekaboo-fbf1a/locations/us-central1/functions:generateUploadUrl 200
[debug] [2025-09-26T00:26:23.083Z] <<< [apiv2][body] POST https://cloudfunctions.googleapis.com/v1/projects/peekaboo-fbf1a/locations/us-central1/functions:generateUploadUrl {"uploadUrl":"https://storage.googleapis.com/uploads-485161728726.us-central1.cloudfunctions.appspot.com/710ec5bd-e637-49ce-be09-a8a8e01e0c40.zip?GoogleAccessId=service-1081048087865@gcf-admin-robot.iam.gserviceaccount.com&Expires=1758848182&Signature=IDFxQyazRk29JHtLWJxJn7RGCg0X7ebwP5piltw%2B%2FUCHNh4sllVnzX7iUq2kBkV0e5qpYC2LUZLUZGmo98ipjdgAe5ymqT52tIDTO0TlpZ80gEepiEt7SAXlGiPC9xmkhLUosrTSVpxtRbFNLKDhkzuz0g0iZqllVrYjiW0W2clbqk%2F4sqd1j1sDX%2FksbD4BJ7E4t99fI3QXTHNLpmoYr%2FJEkKamyRn6lsHKuhBxZ8n%2B2p1m7XGMmcT5RYlLSy%2FjYJkTUpP2NOdhRxQ3ZbLZprzX4e9DfiHwjLUGT1fjXeGhD4sC9qeKYh7G0mVYV87NK68l3lJIuE14cjvyWO1NWg%3D%3D"}
[debug] [2025-09-26T00:26:23.084Z] >>> [apiv2][query] PUT https://storage.googleapis.com/uploads-485161728726.us-central1.cloudfunctions.appspot.com/710ec5bd-e637-49ce-be09-a8a8e01e0c40.zip GoogleAccessId=service-1081048087865%40gcf-admin-robot.iam.gserviceaccount.com&Expires=1758848182&Signature=IDFxQyazRk29JHtLWJxJn7RGCg0X7ebwP5piltw%2B%2FUCHNh4sllVnzX7iUq2kBkV0e5qpYC2LUZLUZGmo98ipjdgAe5ymqT52tIDTO0TlpZ80gEepiEt7SAXlGiPC9xmkhLUosrTSVpxtRbFNLKDhkzuz0g0iZqllVrYjiW0W2clbqk%2F4sqd1j1sDX%2FksbD4BJ7E4t99fI3QXTHNLpmoYr%2FJEkKamyRn6lsHKuhBxZ8n%2B2p1m7XGMmcT5RYlLSy%2FjYJkTUpP2NOdhRxQ3ZbLZprzX4e9DfiHwjLUGT1fjXeGhD4sC9qeKYh7G0mVYV87NK68l3lJIuE14cjvyWO1NWg%3D%3D
[debug] [2025-09-26T00:26:23.084Z] >>> [apiv2][body] PUT https://storage.googleapis.com/uploads-485161728726.us-central1.cloudfunctions.appspot.com/710ec5bd-e637-49ce-be09-a8a8e01e0c40.zip [stream]
[debug] [2025-09-26T00:26:24.656Z] <<< [apiv2][status] PUT https://storage.googleapis.com/uploads-485161728726.us-central1.cloudfunctions.appspot.com/710ec5bd-e637-49ce-be09-a8a8e01e0c40.zip 200
[debug] [2025-09-26T00:26:24.656Z] <<< [apiv2][body] PUT https://storage.googleapis.com/uploads-485161728726.us-central1.cloudfunctions.appspot.com/710ec5bd-e637-49ce-be09-a8a8e01e0c40.zip [omitted]
[info] ✔  functions: functions folder uploaded successfully 
[info] i  functions: creating Node.js 22 (1st Gen) function userCreated(us-central1)... 
[debug] [2025-09-26T00:26:24.662Z] Checked if tokens are valid: true, expires at: 1758848600737
[debug] [2025-09-26T00:26:24.662Z] Checked if tokens are valid: true, expires at: 1758848600737
[debug] [2025-09-26T00:26:24.662Z] >>> [apiv2][query] POST https://cloudfunctions.googleapis.com/v1/projects/peekaboo-fbf1a/locations/us-central1/functions [none]
[debug] [2025-09-26T00:26:24.662Z] >>> [apiv2][body] POST https://cloudfunctions.googleapis.com/v1/projects/peekaboo-fbf1a/locations/us-central1/functions {"name":"projects/peekaboo-fbf1a/locations/us-central1/functions/userCreated","sourceUploadUrl":"https://storage.googleapis.com/uploads-485161728726.us-central1.cloudfunctions.appspot.com/710ec5bd-e637-49ce-be09-a8a8e01e0c40.zip?GoogleAccessId=service-1081048087865@gcf-admin-robot.iam.gserviceaccount.com&Expires=1758848182&Signature=IDFxQyazRk29JHtLWJxJn7RGCg0X7ebwP5piltw%2B%2FUCHNh4sllVnzX7iUq2kBkV0e5qpYC2LUZLUZGmo98ipjdgAe5ymqT52tIDTO0TlpZ80gEepiEt7SAXlGiPC9xmkhLUosrTSVpxtRbFNLKDhkzuz0g0iZqllVrYjiW0W2clbqk%2F4sqd1j1sDX%2FksbD4BJ7E4t99fI3QXTHNLpmoYr%2FJEkKamyRn6lsHKuhBxZ8n%2B2p1m7XGMmcT5RYlLSy%2FjYJkTUpP2NOdhRxQ3ZbLZprzX4e9DfiHwjLUGT1fjXeGhD4sC9qeKYh7G0mVYV87NK68l3lJIuE14cjvyWO1NWg%3D%3D","entryPoint":"userCreated","runtime":"nodejs22","dockerRegistry":"ARTIFACT_REGISTRY","labels":{"deployment-tool":"cli-firebase","firebase-functions-hash":"cb7e96533976899f4f51ae0bbdbf9b9132476a59"},"eventTrigger":{"eventType":"providers/firebase.auth/eventTypes/user.create","resource":"projects/peekaboo-fbf1a"},"minInstances":null,"maxInstances":null,"ingressSettings":null,"environmentVariables":{"FIREBASE_CONFIG":"{\"projectId\":\"peekaboo-fbf1a\",\"databaseURL\":\"https://peekaboo-fbf1a-default-rtdb.firebaseio.com\",\"storageBucket\":\"peekaboo-fbf1a.firebasestorage.app\"}","GCLOUD_PROJECT":"peekaboo-fbf1a","EVENTARC_CLOUD_EVENT_SOURCE":"projects/peekaboo-fbf1a/locations/us-central1/functions/userCreated"},"serviceAccountEmail":null,"availableMemoryMb":null,"timeout":null,"vpcConnector":null,"vpcConnectorEgressSettings":null,"buildEnvironmentVariables":{"GOOGLE_NODE_RUN_SCRIPTS":""}}
[debug] [2025-09-26T00:26:25.334Z] <<< [apiv2][status] POST https://cloudfunctions.googleapis.com/v1/projects/peekaboo-fbf1a/locations/us-central1/functions 400
[debug] [2025-09-26T00:26:25.335Z] <<< [apiv2][body] POST https://cloudfunctions.googleapis.com/v1/projects/peekaboo-fbf1a/locations/us-central1/functions {"error":{"code":400,"message":"Failed to create 1st Gen function projects/peekaboo-fbf1a/locations/us-central1/functions/userCreated: runtime: Runtime validation errors: [error_code: \t INVALID_RUNTIME\nmessage: \"Runtime \\\"nodejs22\\\" is not supported on GCF Gen1\"\n]","status":"INVALID_ARGUMENT"}}
[warn] ⚠  functions: failed to create function projects/peekaboo-fbf1a/locations/us-central1/functions/userCreated 
[error] Failed to create function projects/peekaboo-fbf1a/locations/us-central1/functions/userCreated
[debug] [2025-09-26T00:26:25.344Z] Total Function Deployment time: 677
[debug] [2025-09-26T00:26:25.344Z] 1 Functions Deployed
[debug] [2025-09-26T00:26:25.344Z] 1 Functions Errored
[debug] [2025-09-26T00:26:25.344Z] 0 Function Deployments Aborted
[debug] [2025-09-26T00:26:25.344Z] Average Function Deployment time: 677
[info] 
[info] Functions deploy had errors with the following functions:
	userCreated(us-central1)
[debug] [2025-09-26T00:26:25.699Z] Checked if tokens are valid: true, expires at: 1758848600737
[debug] [2025-09-26T00:26:25.699Z] Checked if tokens are valid: true, expires at: 1758848600737
[debug] [2025-09-26T00:26:25.699Z] >>> [apiv2][query] GET https://artifactregistry.googleapis.com/v1/projects/peekaboo-fbf1a/locations/us-central1/repositories/gcf-artifacts [none]
[debug] [2025-09-26T00:26:27.348Z] <<< [apiv2][status] GET https://artifactregistry.googleapis.com/v1/projects/peekaboo-fbf1a/locations/us-central1/repositories/gcf-artifacts 404
[debug] [2025-09-26T00:26:27.348Z] <<< [apiv2][body] GET https://artifactregistry.googleapis.com/v1/projects/peekaboo-fbf1a/locations/us-central1/repositories/gcf-artifacts {"error":{"code":404,"message":"Requested entity was not found.","status":"NOT_FOUND"}}
[debug] [2025-09-26T00:26:27.348Z] Failed to check artifact cleanup policy for region us-central1: Request to https://artifactregistry.googleapis.com/v1/projects/peekaboo-fbf1a/locations/us-central1/repositories/gcf-artifacts had HTTP Error: 404, Requested entity was not found. {"name":"FirebaseError","children":[],"context":{"body":{"error":{"code":404,"message":"Requested entity was not found.","status":"NOT_FOUND"}},"response":{"statusCode":404}},"exit":1,"message":"Request to https://artifactregistry.googleapis.com/v1/projects/peekaboo-fbf1a/locations/us-central1/repositories/gcf-artifacts had HTTP Error: 404, Requested entity was not found.","status":404}
[debug] [2025-09-26T00:26:27.349Z] Functions deploy failed.
[debug] [2025-09-26T00:26:27.349Z] {
  "endpoint": {
    "id": "userCreated",
    "project": "peekaboo-fbf1a",
    "region": "us-central1",
    "entryPoint": "userCreated",
    "platform": "gcfv1",
    "runtime": "nodejs22",
    "eventTrigger": {
      "eventType": "providers/firebase.auth/eventTypes/user.create",
      "retry": false,
      "eventFilters": {
        "resource": "projects/peekaboo-fbf1a"
      }
    },
    "labels": {
      "deployment-tool": "cli-firebase"
    },
    "serviceAccount": null,
    "ingressSettings": null,
    "availableMemoryMb": null,
    "timeoutSeconds": null,
    "maxInstances": null,
    "minInstances": null,
    "vpc": null,
    "environmentVariables": {
      "FIREBASE_CONFIG": "{\"projectId\":\"peekaboo-fbf1a\",\"databaseURL\":\"https://peekaboo-fbf1a-default-rtdb.firebaseio.com\",\"storageBucket\":\"peekaboo-fbf1a.firebasestorage.app\"}",
      "GCLOUD_PROJECT": "peekaboo-fbf1a",
      "EVENTARC_CLOUD_EVENT_SOURCE": "projects/peekaboo-fbf1a/locations/us-central1/functions/userCreated"
    },
    "codebase": "default",
    "targetedByOnly": false,
    "hash": "cb7e96533976899f4f51ae0bbdbf9b9132476a59"
  },
  "op": "create",
  "original": {
    "name": "FirebaseError",
    "children": [],
    "context": {
      "function": "projects/peekaboo-fbf1a/locations/us-central1/functions/userCreated"
    },
    "exit": 1,
    "message": "Failed to create function projects/peekaboo-fbf1a/locations/us-central1/functions/userCreated",
    "original": {
      "name": "FirebaseError",
      "children": [],
      "context": {
        "body": {
          "error": {
            "code": 400,
            "message": "Failed to create 1st Gen function projects/peekaboo-fbf1a/locations/us-central1/functions/userCreated: runtime: Runtime validation errors: [error_code: \t INVALID_RUNTIME\nmessage: \"Runtime \\\"nodejs22\\\" is not supported on GCF Gen1\"\n]",
            "status": "INVALID_ARGUMENT"
          }
        },
        "response": {
          "statusCode": 400
        }
      },
      "exit": 1,
      "message": "Request to https://cloudfunctions.googleapis.com/v1/projects/peekaboo-fbf1a/locations/us-central1/functions had HTTP Error: 400, Failed to create 1st Gen function projects/peekaboo-fbf1a/locations/us-central1/functions/userCreated: runtime: Runtime validation errors: [error_code: \t INVALID_RUNTIME\nmessage: \"Runtime \\\"nodejs22\\\" is not supported on GCF Gen1\"\n]",
      "status": 400
    },
    "status": 400,
    "code": 400
  }
}
[debug] [2025-09-26T00:26:27.501Z] Error: Failed to create function userCreated in region us-central1
    at /home/autumn/.nvm/versions/node/v22.13.0/lib/node_modules/firebase-tools/lib/deploy/functions/release/fabricator.js:52:11
    at process.processTicksAndRejections (node:internal/process/task_queues:105:5)
    at async Fabricator.createV1Function (/home/autumn/.nvm/versions/node/v22.13.0/lib/node_modules/firebase-tools/lib/deploy/functions/release/fabricator.js:182:32)
    at async Fabricator.createEndpoint (/home/autumn/.nvm/versions/node/v22.13.0/lib/node_modules/firebase-tools/lib/deploy/functions/release/fabricator.js:134:13)
    at async handle (/home/autumn/.nvm/versions/node/v22.13.0/lib/node_modules/firebase-tools/lib/deploy/functions/release/fabricator.js:89:17)
[error] 
[error] Error: There was an error deploying functions
[debug] [2025-09-26T02:10:46.174Z] ----------------------------------------------------------------------
[debug] [2025-09-26T02:10:46.179Z] Command:       /home/autumn/.nvm/versions/node/v22.13.0/bin/node /home/autumn/.nvm/versions/node/v22.13.0/bin/firebase emulators:start --export-on-exit=./emulator --import=./emulator
[debug] [2025-09-26T02:10:46.180Z] CLI Version:   14.2.2
[debug] [2025-09-26T02:10:46.180Z] Platform:      linux
[debug] [2025-09-26T02:10:46.180Z] Node Version:  v22.13.0
[debug] [2025-09-26T02:10:46.181Z] Time:          Fri Sep 26 2025 07:40:46 GMT+0530 (India Standard Time)
[debug] [2025-09-26T02:10:46.181Z] ----------------------------------------------------------------------
[debug] 
[debug] [2025-09-26T02:10:47.047Z] > command requires scopes: ["email","openid","https://www.googleapis.com/auth/cloudplatformprojects.readonly","https://www.googleapis.com/auth/firebase","https://www.googleapis.com/auth/cloud-platform"]
[debug] [2025-09-26T02:10:47.047Z] > authorizing via signed-in user (wintersunset95@gmail.com)
[debug] [2025-09-26T02:10:47.223Z] openjdk version "21.0.8" 2025-07-15
OpenJDK Runtime Environment (build 21.0.8+9)
OpenJDK 64-Bit Server VM (build 21.0.8+9, mixed mode, sharing)

[debug] [2025-09-26T02:10:47.231Z] Parsed Java major version: 21
[info] i  emulators: Starting emulators: auth, functions, firestore, database, storage, extensions {"metadata":{"emulator":{"name":"hub"},"message":"Starting emulators: auth, functions, firestore, database, storage, extensions"}}
[debug] [2025-09-26T02:10:47.233Z] Checked if tokens are valid: false, expires at: 1758848600737
[debug] [2025-09-26T02:10:47.234Z] Checked if tokens are valid: false, expires at: 1758848600737
[debug] [2025-09-26T02:10:47.234Z] > refreshing access token with scopes: []
[debug] [2025-09-26T02:10:47.247Z] >>> [apiv2][query] POST https://www.googleapis.com/oauth2/v3/token [none]
[debug] [2025-09-26T02:10:47.247Z] >>> [apiv2][body] POST https://www.googleapis.com/oauth2/v3/token [omitted]
[debug] [2025-09-26T02:10:47.578Z] <<< [apiv2][status] POST https://www.googleapis.com/oauth2/v3/token 200
[debug] [2025-09-26T02:10:47.578Z] <<< [apiv2][body] POST https://www.googleapis.com/oauth2/v3/token [omitted]
[debug] [2025-09-26T02:10:47.595Z] >>> [apiv2][query] GET https://cloudresourcemanager.googleapis.com/v1/projects/peekaboo-fbf1a [none]
[debug] [2025-09-26T02:10:49.402Z] <<< [apiv2][status] GET https://cloudresourcemanager.googleapis.com/v1/projects/peekaboo-fbf1a 200
[debug] [2025-09-26T02:10:49.403Z] <<< [apiv2][body] GET https://cloudresourcemanager.googleapis.com/v1/projects/peekaboo-fbf1a {"projectNumber":"1081048087865","projectId":"peekaboo-fbf1a","lifecycleState":"ACTIVE","name":"PeekABoo","labels":{"firebase":"enabled","firebase-core":"disabled"},"createTime":"2025-09-24T00:18:58.244176Z"}
[debug] [2025-09-26T02:10:49.416Z] [logging] Logging Emulator only supports listening on one address (127.0.0.1). Not listening on ::1
[debug] [2025-09-26T02:10:49.417Z] assigned listening specs for emulators {"user":{"auth":[{"address":"0.0.0.0","family":"IPv4","port":9099}],"firestore":[{"address":"0.0.0.0","family":"IPv4","port":8080}],"firestore.websocket":[{"address":"0.0.0.0","family":"IPv4","port":9150}],"database":[{"address":"0.0.0.0","family":"IPv4","port":9000}],"storage":[{"address":"0.0.0.0","family":"IPv4","port":9199}],"hub":[{"address":"127.0.0.1","family":"IPv4","port":4400},{"address":"::1","family":"IPv6","port":4400}],"ui":[{"address":"127.0.0.1","family":"IPv4","port":4000},{"address":"::1","family":"IPv6","port":4000}],"logging":[{"address":"127.0.0.1","family":"IPv4","port":4500}]},"metadata":{"message":"assigned listening specs for emulators"}}
[debug] [2025-09-26T02:10:49.447Z] [hub] writing locator at /tmp/hub-peekaboo-fbf1a.json
[debug] [2025-09-26T02:10:49.457Z] [Extensions] Started Extensions emulator, this is a noop.
[debug] [2025-09-26T02:10:49.459Z] [eventarc] Eventarc Emulator only supports listening on one address (127.0.0.1). Not listening on ::1
[debug] [2025-09-26T02:10:49.459Z] [tasks] Cloud Tasks Emulator only supports listening on one address (127.0.0.1). Not listening on ::1
[debug] [2025-09-26T02:10:49.459Z] late-assigned ports for functions and eventarc emulators {"user":{"auth":[{"address":"0.0.0.0","family":"IPv4","port":9099}],"firestore":[{"address":"0.0.0.0","family":"IPv4","port":8080}],"firestore.websocket":[{"address":"0.0.0.0","family":"IPv4","port":9150}],"database":[{"address":"0.0.0.0","family":"IPv4","port":9000}],"storage":[{"address":"0.0.0.0","family":"IPv4","port":9199}],"hub":[{"address":"127.0.0.1","family":"IPv4","port":4400},{"address":"::1","family":"IPv6","port":4400}],"ui":[{"address":"127.0.0.1","family":"IPv4","port":4000},{"address":"::1","family":"IPv6","port":4000}],"logging":[{"address":"127.0.0.1","family":"IPv4","port":4500}],"functions":[{"address":"0.0.0.0","family":"IPv4","port":5001}],"eventarc":[{"address":"127.0.0.1","family":"IPv4","port":9299}],"tasks":[{"address":"127.0.0.1","family":"IPv4","port":9499}]},"metadata":{"message":"late-assigned ports for functions and eventarc emulators"}}
[warn] ⚠  functions: The following emulators are not running, calls to these services from the Functions emulator will affect production: apphosting, hosting, pubsub, dataconnect {"metadata":{"emulator":{"name":"functions"},"message":"The following emulators are not running, calls to these services from the Functions emulator will affect production: \u001b[1mapphosting, hosting, pubsub, dataconnect\u001b[22m"}}
[debug] [2025-09-26T02:10:49.526Z] defaultcredentials: writing to file /home/autumn/.config/firebase/wintersunset95_gmail_com_application_default_credentials.json
[debug] [2025-09-26T02:10:49.529Z] Setting GAC to /home/autumn/.config/firebase/wintersunset95_gmail_com_application_default_credentials.json {"metadata":{"emulator":{"name":"functions"},"message":"Setting GAC to /home/autumn/.config/firebase/wintersunset95_gmail_com_application_default_credentials.json"}}
[debug] [2025-09-26T02:10:49.529Z] Checked if tokens are valid: true, expires at: 1758856246578
[debug] [2025-09-26T02:10:49.529Z] Checked if tokens are valid: true, expires at: 1758856246578
[debug] [2025-09-26T02:10:49.530Z] >>> [apiv2][query] GET https://firebase.googleapis.com/v1beta1/projects/peekaboo-fbf1a/adminSdkConfig [none]
[debug] [2025-09-26T02:10:50.154Z] <<< [apiv2][status] GET https://firebase.googleapis.com/v1beta1/projects/peekaboo-fbf1a/adminSdkConfig 200
[debug] [2025-09-26T02:10:50.154Z] <<< [apiv2][body] GET https://firebase.googleapis.com/v1beta1/projects/peekaboo-fbf1a/adminSdkConfig {"projectId":"peekaboo-fbf1a","databaseURL":"https://peekaboo-fbf1a-default-rtdb.firebaseio.com","storageBucket":"peekaboo-fbf1a.firebasestorage.app"}
[debug] [2025-09-26T02:10:50.222Z] Ignoring unsupported arg: auto_download {"metadata":{"emulator":{"name":"firestore"},"message":"Ignoring unsupported arg: auto_download"}}
[debug] [2025-09-26T02:10:50.222Z] Ignoring unsupported arg: single_project_mode_error {"metadata":{"emulator":{"name":"firestore"},"message":"Ignoring unsupported arg: single_project_mode_error"}}
[debug] [2025-09-26T02:10:50.223Z] Starting Firestore Emulator with command {"binary":"java","args":["-Dgoogle.cloud_firestore.debug_log_level=FINE","-Duser.language=en","-jar","/home/autumn/.cache/firebase/emulators/cloud-firestore-emulator-v1.19.8.jar","--host","0.0.0.0","--port",8080,"--websocket_port",9150,"--project_id","peekaboo-fbf1a","--rules","/home/autumn/Apache/PeekABoo/packages/peek-a-boo/firestore.rules","--single_project_mode",true,"--functions_emulator","127.0.0.1:5001"],"optionalArgs":["port","webchannel_port","host","rules","websocket_port","functions_emulator","seed_from_export","project_id","single_project_mode"],"joinArgs":false,"shell":false,"port":8080} {"metadata":{"emulator":{"name":"firestore"},"message":"Starting Firestore Emulator with command {\"binary\":\"java\",\"args\":[\"-Dgoogle.cloud_firestore.debug_log_level=FINE\",\"-Duser.language=en\",\"-jar\",\"/home/autumn/.cache/firebase/emulators/cloud-firestore-emulator-v1.19.8.jar\",\"--host\",\"0.0.0.0\",\"--port\",8080,\"--websocket_port\",9150,\"--project_id\",\"peekaboo-fbf1a\",\"--rules\",\"/home/autumn/Apache/PeekABoo/packages/peek-a-boo/firestore.rules\",\"--single_project_mode\",true,\"--functions_emulator\",\"127.0.0.1:5001\"],\"optionalArgs\":[\"port\",\"webchannel_port\",\"host\",\"rules\",\"websocket_port\",\"functions_emulator\",\"seed_from_export\",\"project_id\",\"single_project_mode\"],\"joinArgs\":false,\"shell\":false,\"port\":8080}"}}
[info] i  firestore: Firestore Emulator logging to firestore-debug.log {"metadata":{"emulator":{"name":"firestore"},"message":"Firestore Emulator logging to \u001b[1mfirestore-debug.log\u001b[22m"}}
[debug] [2025-09-26T02:10:52.741Z] Sep 26, 2025 7:40:52 AM com.google.cloud.datastore.emulator.firestore.websocket.WebSocketServer start
INFO: Started WebSocket server on ws://0.0.0.0:9150
 {"metadata":{"emulator":{"name":"firestore"},"message":"Sep 26, 2025 7:40:52 AM com.google.cloud.datastore.emulator.firestore.websocket.WebSocketServer start\nINFO: Started WebSocket server on ws://0.0.0.0:9150\n"}}
[debug] [2025-09-26T02:10:52.795Z] API endpoint: http:// {"metadata":{"emulator":{"name":"firestore"},"message":"API endpoint: http://"}}
[debug] [2025-09-26T02:10:52.797Z] 0.0.0.0:8080
If you are using a library that supports the FIRESTORE_EMULATOR_HOST environment variable, run:

   export FIRESTORE_EMULATOR_HOST=0.0.0.0:8080

If you are running a Firestore in Datastore Mode project, run:

   export DATASTORE_EMULATOR_HOST=0.0.0.0:8080

Note: Support for Datastore Mode is in preview. If you encounter any bugs please file at https://github.com/firebase/firebase-tools/issues.
Dev App Server is now running.

 {"metadata":{"emulator":{"name":"firestore"},"message":"0.0.0.0:8080\nIf you are using a library that supports the FIRESTORE_EMULATOR_HOST environment variable, run:\n\n   export FIRESTORE_EMULATOR_HOST=0.0.0.0:8080\n\nIf you are running a Firestore in Datastore Mode project, run:\n\n   export DATASTORE_EMULATOR_HOST=0.0.0.0:8080\n\nNote: Support for Datastore Mode is in preview. If you encounter any bugs please file at https://github.com/firebase/firebase-tools/issues.\nDev App Server is now running.\n\n"}}
[info] ✔  firestore: Firestore Emulator UI websocket is running on 9150. {"metadata":{"emulator":{"name":"firestore"},"message":"Firestore Emulator UI websocket is running on 9150."}}
[debug] [2025-09-26T02:10:52.862Z] Checked if tokens are valid: true, expires at: 1758856246578
[debug] [2025-09-26T02:10:52.862Z] Checked if tokens are valid: true, expires at: 1758856246578
[debug] [2025-09-26T02:10:52.863Z] >>> [apiv2][query] GET https://firebase.googleapis.com/v1beta1/projects/peekaboo-fbf1a [none]
[debug] [2025-09-26T02:10:53.459Z] <<< [apiv2][status] GET https://firebase.googleapis.com/v1beta1/projects/peekaboo-fbf1a 200
[debug] [2025-09-26T02:10:53.459Z] <<< [apiv2][body] GET https://firebase.googleapis.com/v1beta1/projects/peekaboo-fbf1a {"projectId":"peekaboo-fbf1a","projectNumber":"1081048087865","displayName":"PeekABoo","name":"projects/peekaboo-fbf1a","resources":{"hostingSite":"peekaboo-fbf1a","realtimeDatabaseInstance":"peekaboo-fbf1a-default-rtdb"},"state":"ACTIVE","etag":"1_04eaf628-8642-4dc6-b1f5-d1f05d12c7a8"}
[debug] [2025-09-26T02:10:53.460Z] database rules config:  [{"instance":"peekaboo-fbf1a-default-rtdb","rules":"/home/autumn/Apache/PeekABoo/packages/peek-a-boo/database.rules.json"}]
[debug] [2025-09-26T02:10:53.466Z] Ignoring unsupported arg: projectId {"metadata":{"emulator":{"name":"database"},"message":"Ignoring unsupported arg: projectId"}}
[debug] [2025-09-26T02:10:53.466Z] Ignoring unsupported arg: auto_download {"metadata":{"emulator":{"name":"database"},"message":"Ignoring unsupported arg: auto_download"}}
[debug] [2025-09-26T02:10:53.466Z] Ignoring unsupported arg: rules {"metadata":{"emulator":{"name":"database"},"message":"Ignoring unsupported arg: rules"}}
[debug] [2025-09-26T02:10:53.466Z] Starting Database Emulator with command {"binary":"java","args":["-Duser.language=en","-jar","/home/autumn/.cache/firebase/emulators/firebase-database-emulator-v4.11.2.jar","--host","0.0.0.0","--port",9000,"--single_project_mode","Warning","--functions_emulator_host","127.0.0.1","--functions_emulator_port",5001],"optionalArgs":["port","host","functions_emulator_port","functions_emulator_host","single_project_mode"],"joinArgs":false,"shell":false,"port":9000} {"metadata":{"emulator":{"name":"database"},"message":"Starting Database Emulator with command {\"binary\":\"java\",\"args\":[\"-Duser.language=en\",\"-jar\",\"/home/autumn/.cache/firebase/emulators/firebase-database-emulator-v4.11.2.jar\",\"--host\",\"0.0.0.0\",\"--port\",9000,\"--single_project_mode\",\"Warning\",\"--functions_emulator_host\",\"127.0.0.1\",\"--functions_emulator_port\",5001],\"optionalArgs\":[\"port\",\"host\",\"functions_emulator_port\",\"functions_emulator_host\",\"single_project_mode\"],\"joinArgs\":false,\"shell\":false,\"port\":9000}"}}
[info] i  database: Database Emulator logging to database-debug.log {"metadata":{"emulator":{"name":"database"},"message":"Database Emulator logging to \u001b[1mdatabase-debug.log\u001b[22m"}}
[debug] [2025-09-26T02:10:56.429Z] 07:40:56.425 [NamespaceSystem-akka.actor.default-dispatcher-5] INFO akka.event.slf4j.Slf4jLogger - Slf4jLogger started
 {"metadata":{"emulator":{"name":"database"},"message":"07:40:56.425 [NamespaceSystem-akka.actor.default-dispatcher-5] INFO akka.event.slf4j.Slf4jLogger - Slf4jLogger started\n"}}
[debug] [2025-09-26T02:10:56.837Z] 07:40:56.836 [main] INFO com.firebase.server.forge.App$ - Listening at 0.0.0.0:9000
 {"metadata":{"emulator":{"name":"database"},"message":"07:40:56.836 [main] INFO com.firebase.server.forge.App$ - Listening at 0.0.0.0:9000\n"}}
[debug] [2025-09-26T02:11:15.071Z] Ignoring unsupported arg: port {"metadata":{"emulator":{"name":"storage"},"message":"Ignoring unsupported arg: port"}}
[debug] [2025-09-26T02:11:17.167Z] Temp file directory for storage emulator: /tmp/firebase/storage/blobs {"metadata":{"emulator":{"name":"storage"},"message":"Temp file directory for storage emulator: /tmp/firebase/storage/blobs"}}
[debug] [2025-09-26T02:11:17.177Z] [Extensions] Connecting Extensions emulator, this is a noop.
[info] i  functions: Watching "/home/autumn/Apache/PeekABoo/packages/peek-a-boo/functions" for Cloud Functions... {"metadata":{"emulator":{"name":"functions"},"message":"Watching \"/home/autumn/Apache/PeekABoo/packages/peek-a-boo/functions\" for Cloud Functions..."}}
[debug] [2025-09-26T02:11:17.188Z] Validating nodejs source
[debug] [2025-09-26T02:11:18.272Z] > [functions] package.json contents: {
  "name": "functions",
  "scripts": {
    "lint": "eslint --ext .js,.ts .",
    "build": "tsc",
    "build:watch": "tsc --watch",
    "serve": "npm run build && firebase emulators:start --only functions",
    "shell": "npm run build && firebase functions:shell",
    "start": "npm run shell",
    "deploy": "firebase deploy --only functions",
    "logs": "firebase functions:log"
  },
  "engines": {
    "node": "22"
  },
  "main": "lib/index.js",
  "dependencies": {
    "firebase-admin": "^12.6.0",
    "firebase-functions": "^6.0.1"
  },
  "devDependencies": {
    "@typescript-eslint/eslint-plugin": "^5.12.0",
    "@typescript-eslint/parser": "^5.12.0",
    "eslint": "^8.9.0",
    "eslint-config-google": "^0.14.0",
    "eslint-plugin-import": "^2.25.4",
    "firebase-functions-test": "^3.1.0",
    "typescript": "^4.9.0"
  },
  "private": true
}
[debug] [2025-09-26T02:11:18.272Z] Building nodejs source
[debug] [2025-09-26T02:11:18.273Z] Failed to find version of module node: reached end of search path /home/autumn/Apache/PeekABoo/packages/peek-a-boo/functions/node_modules
[info] ✔  functions: Using node@22 from host. 
[debug] [2025-09-26T02:11:18.277Z] Could not find functions.yaml. Must use http discovery
[debug] [2025-09-26T02:11:18.285Z] Found firebase-functions binary at '/home/autumn/Apache/PeekABoo/packages/peek-a-boo/functions/node_modules/.bin/firebase-functions'
[debug] [2025-09-26T02:11:18.303Z] Sep 26, 2025 7:41:17 AM com.google.cloud.datastore.emulator.firestore.websocket.WebSocketChannelHandler initChannel
INFO: Connected to new websocket client
 {"metadata":{"emulator":{"name":"firestore"},"message":"Sep 26, 2025 7:41:17 AM com.google.cloud.datastore.emulator.firestore.websocket.WebSocketChannelHandler initChannel\nINFO: Connected to new websocket client\n"}}
[info] Serving at port 8687

[debug] [2025-09-26T02:11:19.245Z] Got response from /__/functions.yaml {"endpoints":{"userCreated":{"platform":"gcfv1","availableMemoryMb":null,"timeoutSeconds":null,"minInstances":null,"maxInstances":null,"ingressSettings":null,"serviceAccountEmail":null,"vpc":null,"eventTrigger":{"eventType":"providers/firebase.auth/eventTypes/user.create","eventFilters":{"resource":"projects/peekaboo-fbf1a"},"retry":false},"labels":{},"entryPoint":"userCreated"}},"specVersion":"v1alpha1","requiredAPIs":[],"extensions":{}}
[debug] [2025-09-26T02:11:23.346Z] defaultcredentials: writing to file /home/autumn/.config/firebase/wintersunset95_gmail_com_application_default_credentials.json
[debug] [2025-09-26T02:11:23.348Z] Setting GAC to /home/autumn/.config/firebase/wintersunset95_gmail_com_application_default_credentials.json {"metadata":{"emulator":{"name":"functions"},"message":"Setting GAC to /home/autumn/.config/firebase/wintersunset95_gmail_com_application_default_credentials.json"}}
[info] ✔  functions: Loaded functions definitions from source: userCreated. {"metadata":{"emulator":{"name":"functions"},"message":"Loaded functions definitions from source: userCreated."}}
[debug] [2025-09-26T02:11:23.353Z] addAuthTrigger {"eventTrigger":{"eventType":"providers/firebase.auth/eventTypes/user.create","resource":"projects/peekaboo-fbf1a"}}
[info] ✔  functions[us-central1-userCreated]: auth function initialized. {"metadata":{"emulator":{"name":"functions"},"message":"\u001b[1mauth\u001b[22m function initialized."}}
[debug] [2025-09-26T02:11:23.355Z] >>> [apiv2][query] PUT http://127.0.0.1:9000/.settings/rules.json ns=peekaboo-fbf1a-default-rtdb
[debug] [2025-09-26T02:11:23.355Z] >>> [apiv2][body] PUT http://127.0.0.1:9000/.settings/rules.json "{\n  \"rules\": {\n    \".read\": \"now < 1761417000000\",  // 2025-10-26\n    \".write\": \"now < 1761417000000\",  // 2025-10-26\n  }\n}"
[debug] [2025-09-26T02:11:24.413Z] 07:41:24.413 [NamespaceSystem-akka.actor.default-dispatcher-5] INFO com.firebase.core.namespace.NamespaceActor - peekaboo-fbf1a-default-rtdb successfully activated FBKV (SurveyIdle(0)) wait: 690ms, init: 0ms
 {"metadata":{"emulator":{"name":"database"},"message":"07:41:24.413 [NamespaceSystem-akka.actor.default-dispatcher-5] INFO com.firebase.core.namespace.NamespaceActor - peekaboo-fbf1a-default-rtdb successfully activated FBKV (SurveyIdle(0)) wait: 690ms, init: 0ms\n"}}
[debug] [2025-09-26T02:11:24.778Z] 07:41:24.777 [NamespaceSystem-blocking-namespace-operation-dispatcher-7] INFO com.firebase.core.namespace.StateManager - Namespace peekaboo-fbf1a-default-rtdb status Active to Active
 {"metadata":{"emulator":{"name":"database"},"message":"07:41:24.777 [NamespaceSystem-blocking-namespace-operation-dispatcher-7] INFO com.firebase.core.namespace.StateManager - Namespace peekaboo-fbf1a-default-rtdb status Active to Active\n"}}
[debug] [2025-09-26T02:11:25.060Z] <<< [apiv2][status] PUT http://127.0.0.1:9000/.settings/rules.json 200
[debug] [2025-09-26T02:11:25.061Z] <<< [apiv2][body] PUT http://127.0.0.1:9000/.settings/rules.json {"status":"ok"}
[debug] [2025-09-26T02:11:25.075Z] Could not find VSCode notification endpoint: FetchError: request to http://localhost:40001/vscode/notify failed, reason: . If you are not running the Firebase Data Connect VSCode extension, this is expected and not an issue.
[info] 
┌─────────────────────────────────────────────────────────────┐
│ ✔  All emulators ready! It is now safe to connect your app. │
│ i  View Emulator UI at http://127.0.0.1:4000/               │
└─────────────────────────────────────────────────────────────┘

┌────────────────┬──────────────┬──────────────────────────────────┐
│ Emulator       │ Host:Port    │ View in Emulator UI              │
├────────────────┼──────────────┼──────────────────────────────────┤
│ Authentication │ 0.0.0.0:9099 │ http://127.0.0.1:4000/auth       │
├────────────────┼──────────────┼──────────────────────────────────┤
│ Functions      │ 0.0.0.0:5001 │ http://127.0.0.1:4000/functions  │
├────────────────┼──────────────┼──────────────────────────────────┤
│ Firestore      │ 0.0.0.0:8080 │ http://127.0.0.1:4000/firestore  │
├────────────────┼──────────────┼──────────────────────────────────┤
│ Database       │ 0.0.0.0:9000 │ http://127.0.0.1:4000/database   │
├────────────────┼──────────────┼──────────────────────────────────┤
│ Storage        │ 0.0.0.0:9199 │ http://127.0.0.1:4000/storage    │
├────────────────┼──────────────┼──────────────────────────────────┤
│ Extensions     │ 0.0.0.0:5001 │ http://127.0.0.1:4000/extensions │
└────────────────┴──────────────┴──────────────────────────────────┘
  Emulator Hub host: 127.0.0.1 port: 4400
  Other reserved ports: 4500, 9150
┌─────────────────────────┬───────────────┬─────────────────────┐
│ Extension Instance Name │ Extension Ref │ View in Emulator UI │
└─────────────────────────┴───────────────┴─────────────────────┘
Issues? Report them at https://github.com/firebase/firebase-tools/issues and attach the *-debug.log files.
 
[debug] [2025-09-26T02:11:30.425Z] Sep 26, 2025 7:41:30 AM io.gapi.emulators.netty.HttpVersionRoutingHandler channelRead
INFO: Detected non-HTTP/2 connection.
 {"metadata":{"emulator":{"name":"firestore"},"message":"Sep 26, 2025 7:41:30 AM io.gapi.emulators.netty.HttpVersionRoutingHandler channelRead\nINFO: Detected non-HTTP/2 connection.\n"}}
[debug] [2025-09-26T02:11:30.518Z] Sep 26, 2025 7:41:30 AM io.gapi.emulators.netty.HttpVersionRoutingHandler channelRead
INFO: Detected non-HTTP/2 connection.
 {"metadata":{"emulator":{"name":"firestore"},"message":"Sep 26, 2025 7:41:30 AM io.gapi.emulators.netty.HttpVersionRoutingHandler channelRead\nINFO: Detected non-HTTP/2 connection.\n"}}
[debug] [2025-09-26T02:11:30.670Z] Sep 26, 2025 7:41:30 AM io.gapi.emulators.netty.HttpVersionRoutingHandler channelRead
INFO: Detected non-HTTP/2 connection.
 {"metadata":{"emulator":{"name":"firestore"},"message":"Sep 26, 2025 7:41:30 AM io.gapi.emulators.netty.HttpVersionRoutingHandler channelRead\nINFO: Detected non-HTTP/2 connection.\n"}}
[debug] [2025-09-26T02:11:30.693Z] Sep 26, 2025 7:41:30 AM com.google.cloud.datastore.emulator.firestore.websocket.WebSocketChannelHandler channelClosed
INFO: Websocket client disconnected
 {"metadata":{"emulator":{"name":"firestore"},"message":"Sep 26, 2025 7:41:30 AM com.google.cloud.datastore.emulator.firestore.websocket.WebSocketChannelHandler channelClosed\nINFO: Websocket client disconnected\n"}}
[debug] [2025-09-26T02:11:30.944Z] Sep 26, 2025 7:41:30 AM com.google.cloud.datastore.emulator.firestore.websocket.WebSocketChannelHandler initChannel
INFO: Connected to new websocket client
 {"metadata":{"emulator":{"name":"firestore"},"message":"Sep 26, 2025 7:41:30 AM com.google.cloud.datastore.emulator.firestore.websocket.WebSocketChannelHandler initChannel\nINFO: Connected to new websocket client\n"}}
[debug] [2025-09-26T02:11:30.959Z] Sep 26, 2025 7:41:30 AM io.gapi.emulators.netty.HttpVersionRoutingHandler channelRead
INFO: Detected non-HTTP/2 connection.
 {"metadata":{"emulator":{"name":"firestore"},"message":"Sep 26, 2025 7:41:30 AM io.gapi.emulators.netty.HttpVersionRoutingHandler channelRead\nINFO: Detected non-HTTP/2 connection.\n"}}
[debug] [2025-09-26T02:11:30.977Z] Sep 26, 2025 7:41:30 AM io.gapi.emulators.netty.HttpVersionRoutingHandler channelRead
INFO: Detected non-HTTP/2 connection.
 {"metadata":{"emulator":{"name":"firestore"},"message":"Sep 26, 2025 7:41:30 AM io.gapi.emulators.netty.HttpVersionRoutingHandler channelRead\nINFO: Detected non-HTTP/2 connection.\n"}}
[debug] [2025-09-26T02:11:31.472Z] Sep 26, 2025 7:41:31 AM io.gapi.emulators.netty.HttpVersionRoutingHandler channelRead
INFO: Detected HTTP/2 connection.
 {"metadata":{"emulator":{"name":"firestore"},"message":"Sep 26, 2025 7:41:31 AM io.gapi.emulators.netty.HttpVersionRoutingHandler channelRead\nINFO: Detected HTTP/2 connection.\n"}}
[debug] [2025-09-26T02:11:36.488Z] Sep 26, 2025 7:41:36 AM io.gapi.emulators.netty.HttpVersionRoutingHandler channelRead
INFO: Detected non-HTTP/2 connection.
 {"metadata":{"emulator":{"name":"firestore"},"message":"Sep 26, 2025 7:41:36 AM io.gapi.emulators.netty.HttpVersionRoutingHandler channelRead\nINFO: Detected non-HTTP/2 connection.\n"}}
[debug] [2025-09-26T02:11:36.726Z] Sep 26, 2025 7:41:36 AM io.gapi.emulators.netty.HttpVersionRoutingHandler channelRead
INFO: Detected non-HTTP/2 connection.
 {"metadata":{"emulator":{"name":"firestore"},"message":"Sep 26, 2025 7:41:36 AM io.gapi.emulators.netty.HttpVersionRoutingHandler channelRead\nINFO: Detected non-HTTP/2 connection.\n"}}
[debug] [2025-09-26T02:11:37.020Z] Sep 26, 2025 7:41:37 AM com.google.cloud.datastore.emulator.firestore.websocket.WebSocketChannelHandler channelClosed
INFO: Websocket client disconnected
 {"metadata":{"emulator":{"name":"firestore"},"message":"Sep 26, 2025 7:41:37 AM com.google.cloud.datastore.emulator.firestore.websocket.WebSocketChannelHandler channelClosed\nINFO: Websocket client disconnected\n"}}
[debug] [2025-09-26T02:11:37.091Z] Sep 26, 2025 7:41:37 AM io.netty.channel.DefaultChannelPipeline onUnhandledInboundException
WARNING: An exceptionCaught() event was fired, and it reached at the tail of the pipeline. It usually means the last handler in the pipeline did not handle the exception.
io.netty.channel.StacklessClosedChannelException
	at io.netty.channel.AbstractChannel$AbstractUnsafe.write(Object, ChannelPromise)(Unknown Source)

 {"metadata":{"emulator":{"name":"firestore"},"message":"Sep 26, 2025 7:41:37 AM io.netty.channel.DefaultChannelPipeline onUnhandledInboundException\nWARNING: An exceptionCaught() event was fired, and it reached at the tail of the pipeline. It usually means the last handler in the pipeline did not handle the exception.\nio.netty.channel.StacklessClosedChannelException\n\tat io.netty.channel.AbstractChannel$AbstractUnsafe.write(Object, ChannelPromise)(Unknown Source)\n\n"}}
[debug] [2025-09-26T02:11:38.176Z] Sep 26, 2025 7:41:38 AM com.google.cloud.datastore.emulator.firestore.websocket.WebSocketChannelHandler initChannel
INFO: Connected to new websocket client
 {"metadata":{"emulator":{"name":"firestore"},"message":"Sep 26, 2025 7:41:38 AM com.google.cloud.datastore.emulator.firestore.websocket.WebSocketChannelHandler initChannel\nINFO: Connected to new websocket client\n"}}
[debug] [2025-09-26T02:11:38.234Z] Sep 26, 2025 7:41:38 AM io.gapi.emulators.netty.HttpVersionRoutingHandler channelRead
INFO: Detected non-HTTP/2 connection.
 {"metadata":{"emulator":{"name":"firestore"},"message":"Sep 26, 2025 7:41:38 AM io.gapi.emulators.netty.HttpVersionRoutingHandler channelRead\nINFO: Detected non-HTTP/2 connection.\n"}}
[debug] [2025-09-26T02:11:38.524Z] Sep 26, 2025 7:41:38 AM io.gapi.emulators.netty.HttpVersionRoutingHandler channelRead
INFO: Detected non-HTTP/2 connection.
 {"metadata":{"emulator":{"name":"firestore"},"message":"Sep 26, 2025 7:41:38 AM io.gapi.emulators.netty.HttpVersionRoutingHandler channelRead\nINFO: Detected non-HTTP/2 connection.\n"}}
[debug] [2025-09-26T02:11:38.836Z] Sep 26, 2025 7:41:38 AM io.gapi.emulators.netty.HttpVersionRoutingHandler channelRead
INFO: Detected non-HTTP/2 connection.
 {"metadata":{"emulator":{"name":"firestore"},"message":"Sep 26, 2025 7:41:38 AM io.gapi.emulators.netty.HttpVersionRoutingHandler channelRead\nINFO: Detected non-HTTP/2 connection.\n"}}
[debug] [2025-09-26T02:11:43.646Z] Sep 26, 2025 7:41:43 AM io.gapi.emulators.netty.HttpVersionRoutingHandler channelRead
INFO: Detected non-HTTP/2 connection.
 {"metadata":{"emulator":{"name":"firestore"},"message":"Sep 26, 2025 7:41:43 AM io.gapi.emulators.netty.HttpVersionRoutingHandler channelRead\nINFO: Detected non-HTTP/2 connection.\n"}}
[debug] [2025-09-26T02:11:43.774Z] Sep 26, 2025 7:41:43 AM com.google.cloud.datastore.emulator.firestore.webchannel.FirestoreV1WebChannelAdapter$FirestoreListenHandler onClose
INFO: channel closed
 {"metadata":{"emulator":{"name":"firestore"},"message":"Sep 26, 2025 7:41:43 AM com.google.cloud.datastore.emulator.firestore.webchannel.FirestoreV1WebChannelAdapter$FirestoreListenHandler onClose\nINFO: channel closed\n"}}
