[debug] [2025-09-26T00:25:33.173Z] ----------------------------------------------------------------------
[debug] [2025-09-26T00:25:33.179Z] Command:       /home/autumn/.nvm/versions/node/v22.13.0/bin/node /home/autumn/.nvm/versions/node/v22.13.0/bin/firebase deploy --only functions
[debug] [2025-09-26T00:25:33.180Z] CLI Version:   14.2.2
[debug] [2025-09-26T00:25:33.181Z] Platform:      linux
[debug] [2025-09-26T00:25:33.181Z] Node Version:  v22.13.0
[debug] [2025-09-26T00:25:33.182Z] Time:          Fri Sep 26 2025 05:55:33 GMT+0530 (India Standard Time)
[debug] [2025-09-26T00:25:33.182Z] ----------------------------------------------------------------------
[debug] 
[debug] [2025-09-26T00:25:33.915Z] > command requires scopes: ["email","openid","https://www.googleapis.com/auth/cloudplatformprojects.readonly","https://www.googleapis.com/auth/firebase","https://www.googleapis.com/auth/cloud-platform"]
[debug] [2025-09-26T00:25:33.916Z] > authorizing via signed-in user (wintersunset95@gmail.com)
[debug] [2025-09-26T00:25:33.917Z] [iam] checking project peekaboo-fbf1a for permissions ["cloudfunctions.functions.create","cloudfunctions.functions.delete","cloudfunctions.functions.get","cloudfunctions.functions.list","cloudfunctions.functions.update","cloudfunctions.operations.get","firebase.projects.get"]
[debug] [2025-09-26T00:25:33.918Z] Checked if tokens are valid: true, expires at: 1758848600737
[debug] [2025-09-26T00:25:33.918Z] Checked if tokens are valid: true, expires at: 1758848600737
[debug] [2025-09-26T00:25:33.920Z] >>> [apiv2][query] POST https://cloudresourcemanager.googleapis.com/v1/projects/peekaboo-fbf1a:testIamPermissions [none]
[debug] [2025-09-26T00:25:33.920Z] >>> [apiv2][(partial)header] POST https://cloudresourcemanager.googleapis.com/v1/projects/peekaboo-fbf1a:testIamPermissions x-goog-quota-user=projects/peekaboo-fbf1a
[debug] [2025-09-26T00:25:33.921Z] >>> [apiv2][body] POST https://cloudresourcemanager.googleapis.com/v1/projects/peekaboo-fbf1a:testIamPermissions {"permissions":["cloudfunctions.functions.create","cloudfunctions.functions.delete","cloudfunctions.functions.get","cloudfunctions.functions.list","cloudfunctions.functions.update","cloudfunctions.operations.get","firebase.projects.get"]}
[debug] [2025-09-26T00:25:35.708Z] <<< [apiv2][status] POST https://cloudresourcemanager.googleapis.com/v1/projects/peekaboo-fbf1a:testIamPermissions 200
[debug] [2025-09-26T00:25:35.709Z] <<< [apiv2][body] POST https://cloudresourcemanager.googleapis.com/v1/projects/peekaboo-fbf1a:testIamPermissions {"permissions":["cloudfunctions.functions.create","cloudfunctions.functions.delete","cloudfunctions.functions.get","cloudfunctions.functions.list","cloudfunctions.functions.update","cloudfunctions.operations.get","firebase.projects.get"]}
[debug] [2025-09-26T00:25:35.709Z] Checked if tokens are valid: true, expires at: 1758848600737
[debug] [2025-09-26T00:25:35.709Z] Checked if tokens are valid: true, expires at: 1758848600737
[debug] [2025-09-26T00:25:35.709Z] >>> [apiv2][query] POST https://iam.googleapis.com/v1/projects/peekaboo-fbf1a/serviceAccounts/peekaboo-fbf1a@appspot.gserviceaccount.com:testIamPermissions [none]
[debug] [2025-09-26T00:25:35.710Z] >>> [apiv2][body] POST https://iam.googleapis.com/v1/projects/peekaboo-fbf1a/serviceAccounts/peekaboo-fbf1a@appspot.gserviceaccount.com:testIamPermissions {"permissions":["iam.serviceAccounts.actAs"]}
[debug] [2025-09-26T00:25:37.507Z] <<< [apiv2][status] POST https://iam.googleapis.com/v1/projects/peekaboo-fbf1a/serviceAccounts/peekaboo-fbf1a@appspot.gserviceaccount.com:testIamPermissions 200
[debug] [2025-09-26T00:25:37.507Z] <<< [apiv2][body] POST https://iam.googleapis.com/v1/projects/peekaboo-fbf1a/serviceAccounts/peekaboo-fbf1a@appspot.gserviceaccount.com:testIamPermissions {"permissions":["iam.serviceAccounts.actAs"]}
[info] 
[info] === Deploying to 'peekaboo-fbf1a'...
[info] 
[info] i  deploying functions 
[info] Running command: npm --prefix "$RESOURCE_DIR" run build
[info] ✔  functions: Finished running predeploy script. 
[debug] [2025-09-26T00:26:00.249Z] Checked if tokens are valid: true, expires at: 1758848600737
[debug] [2025-09-26T00:26:00.249Z] Checked if tokens are valid: true, expires at: 1758848600737
[debug] [2025-09-26T00:26:00.250Z] >>> [apiv2][query] GET https://cloudresourcemanager.googleapis.com/v1/projects/peekaboo-fbf1a [none]
[debug] [2025-09-26T00:26:01.935Z] <<< [apiv2][status] GET https://cloudresourcemanager.googleapis.com/v1/projects/peekaboo-fbf1a 200
[debug] [2025-09-26T00:26:01.936Z] <<< [apiv2][body] GET https://cloudresourcemanager.googleapis.com/v1/projects/peekaboo-fbf1a {"projectNumber":"1081048087865","projectId":"peekaboo-fbf1a","lifecycleState":"ACTIVE","name":"PeekABoo","labels":{"firebase":"enabled","firebase-core":"disabled"},"createTime":"2025-09-24T00:18:58.244176Z"}
[info] i  functions: preparing codebase default for deployment 
[info] i  functions: ensuring required API cloudfunctions.googleapis.com is enabled... 
[debug] [2025-09-26T00:26:01.944Z] Checked if tokens are valid: true, expires at: 1758848600737
[debug] [2025-09-26T00:26:01.944Z] Checked if tokens are valid: true, expires at: 1758848600737
[debug] [2025-09-26T00:26:01.944Z] Checked if tokens are valid: true, expires at: 1758848600737
[debug] [2025-09-26T00:26:01.945Z] Checked if tokens are valid: true, expires at: 1758848600737
[info] i  functions: ensuring required API cloudbuild.googleapis.com is enabled... 
[debug] [2025-09-26T00:26:01.945Z] Checked if tokens are valid: true, expires at: 1758848600737
[debug] [2025-09-26T00:26:01.945Z] Checked if tokens are valid: true, expires at: 1758848600737
[info] i  artifactregistry: ensuring required API artifactregistry.googleapis.com is enabled... 
[debug] [2025-09-26T00:26:01.946Z] Checked if tokens are valid: true, expires at: 1758848600737
[debug] [2025-09-26T00:26:01.946Z] Checked if tokens are valid: true, expires at: 1758848600737
[debug] [2025-09-26T00:26:01.946Z] >>> [apiv2][query] GET https://serviceusage.googleapis.com/v1/projects/peekaboo-fbf1a/services/cloudfunctions.googleapis.com [none]
[debug] [2025-09-26T00:26:01.946Z] >>> [apiv2][(partial)header] GET https://serviceusage.googleapis.com/v1/projects/peekaboo-fbf1a/services/cloudfunctions.googleapis.com x-goog-quota-user=projects/peekaboo-fbf1a
[debug] [2025-09-26T00:26:01.949Z] >>> [apiv2][query] GET https://serviceusage.googleapis.com/v1/projects/peekaboo-fbf1a/services/runtimeconfig.googleapis.com [none]
[debug] [2025-09-26T00:26:01.949Z] >>> [apiv2][(partial)header] GET https://serviceusage.googleapis.com/v1/projects/peekaboo-fbf1a/services/runtimeconfig.googleapis.com x-goog-quota-user=projects/peekaboo-fbf1a
[debug] [2025-09-26T00:26:01.951Z] >>> [apiv2][query] GET https://serviceusage.googleapis.com/v1/projects/peekaboo-fbf1a/services/cloudbuild.googleapis.com [none]
[debug] [2025-09-26T00:26:01.951Z] >>> [apiv2][(partial)header] GET https://serviceusage.googleapis.com/v1/projects/peekaboo-fbf1a/services/cloudbuild.googleapis.com x-goog-quota-user=projects/peekaboo-fbf1a
[debug] [2025-09-26T00:26:01.954Z] >>> [apiv2][query] GET https://serviceusage.googleapis.com/v1/projects/peekaboo-fbf1a/services/artifactregistry.googleapis.com [none]
[debug] [2025-09-26T00:26:01.954Z] >>> [apiv2][(partial)header] GET https://serviceusage.googleapis.com/v1/projects/peekaboo-fbf1a/services/artifactregistry.googleapis.com x-goog-quota-user=projects/peekaboo-fbf1a
[debug] [2025-09-26T00:26:03.935Z] <<< [apiv2][status] GET https://serviceusage.googleapis.com/v1/projects/peekaboo-fbf1a/services/cloudbuild.googleapis.com 200
[debug] [2025-09-26T00:26:03.936Z] <<< [apiv2][body] GET https://serviceusage.googleapis.com/v1/projects/peekaboo-fbf1a/services/cloudbuild.googleapis.com [omitted]
[info] ✔  functions: required API cloudbuild.googleapis.com is enabled 
[debug] [2025-09-26T00:26:03.975Z] <<< [apiv2][status] GET https://serviceusage.googleapis.com/v1/projects/peekaboo-fbf1a/services/artifactregistry.googleapis.com 200
[debug] [2025-09-26T00:26:03.975Z] <<< [apiv2][body] GET https://serviceusage.googleapis.com/v1/projects/peekaboo-fbf1a/services/artifactregistry.googleapis.com [omitted]
[info] ✔  artifactregistry: required API artifactregistry.googleapis.com is enabled 
[debug] [2025-09-26T00:26:03.977Z] <<< [apiv2][status] GET https://serviceusage.googleapis.com/v1/projects/peekaboo-fbf1a/services/cloudfunctions.googleapis.com 200
[debug] [2025-09-26T00:26:03.978Z] <<< [apiv2][body] GET https://serviceusage.googleapis.com/v1/projects/peekaboo-fbf1a/services/cloudfunctions.googleapis.com [omitted]
[info] ✔  functions: required API cloudfunctions.googleapis.com is enabled 
[debug] [2025-09-26T00:26:04.036Z] <<< [apiv2][status] GET https://serviceusage.googleapis.com/v1/projects/peekaboo-fbf1a/services/runtimeconfig.googleapis.com 200
[debug] [2025-09-26T00:26:04.037Z] <<< [apiv2][body] GET https://serviceusage.googleapis.com/v1/projects/peekaboo-fbf1a/services/runtimeconfig.googleapis.com [omitted]
[debug] [2025-09-26T00:26:04.037Z] Checked if tokens are valid: true, expires at: 1758848600737
[debug] [2025-09-26T00:26:04.037Z] Checked if tokens are valid: true, expires at: 1758848600737
[debug] [2025-09-26T00:26:04.037Z] >>> [apiv2][query] GET https://firebase.googleapis.com/v1beta1/projects/peekaboo-fbf1a/adminSdkConfig [none]
[debug] [2025-09-26T00:26:04.862Z] <<< [apiv2][status] GET https://firebase.googleapis.com/v1beta1/projects/peekaboo-fbf1a/adminSdkConfig 200
[debug] [2025-09-26T00:26:04.862Z] <<< [apiv2][body] GET https://firebase.googleapis.com/v1beta1/projects/peekaboo-fbf1a/adminSdkConfig {"projectId":"peekaboo-fbf1a","databaseURL":"https://peekaboo-fbf1a-default-rtdb.firebaseio.com","storageBucket":"peekaboo-fbf1a.firebasestorage.app"}
[debug] [2025-09-26T00:26:04.863Z] Checked if tokens are valid: true, expires at: 1758848600737
[debug] [2025-09-26T00:26:04.863Z] Checked if tokens are valid: true, expires at: 1758848600737
[debug] [2025-09-26T00:26:04.864Z] >>> [apiv2][query] GET https://runtimeconfig.googleapis.com/v1beta1/projects/peekaboo-fbf1a/configs [none]
[debug] [2025-09-26T00:26:05.729Z] <<< [apiv2][status] GET https://runtimeconfig.googleapis.com/v1beta1/projects/peekaboo-fbf1a/configs 200
[debug] [2025-09-26T00:26:05.729Z] <<< [apiv2][body] GET https://runtimeconfig.googleapis.com/v1beta1/projects/peekaboo-fbf1a/configs {}
[debug] [2025-09-26T00:26:05.732Z] Validating nodejs source
[debug] [2025-09-26T00:26:06.612Z] > [functions] package.json contents: {
  "name": "functions",
  "scripts": {
    "lint": "eslint --ext .js,.ts .",
    "build": "tsc",
    "build:watch": "tsc --watch",
    "serve": "npm run build && firebase emulators:start --only functions",
    "shell": "npm run build && firebase functions:shell",
    "start": "npm run shell",
    "deploy": "firebase deploy --only functions",
    "logs": "firebase functions:log"
  },
  "engines": {
    "node": "22"
  },
  "main": "lib/index.js",
  "dependencies": {
    "firebase-admin": "^12.6.0",
    "firebase-functions": "^6.0.1"
  },
  "devDependencies": {
    "@typescript-eslint/eslint-plugin": "^5.12.0",
    "@typescript-eslint/parser": "^5.12.0",
    "eslint": "^8.9.0",
    "eslint-config-google": "^0.14.0",
    "eslint-plugin-import": "^2.25.4",
    "firebase-functions-test": "^3.1.0",
    "typescript": "^4.9.0"
  },
  "private": true
}
[debug] [2025-09-26T00:26:06.612Z] Building nodejs source
[info] i  functions: Loading and analyzing source code for codebase default to determine what to deploy 
[debug] [2025-09-26T00:26:06.615Z] Could not find functions.yaml. Must use http discovery
[debug] [2025-09-26T00:26:06.626Z] Found firebase-functions binary at '/home/autumn/Apache/PeekABoo/peek-a-boo/functions/node_modules/.bin/firebase-functions'
[info] Serving at port 8722

[debug] [2025-09-26T00:26:07.145Z] Got response from /__/functions.yaml {"endpoints":{"userCreated":{"platform":"gcfv1","availableMemoryMb":null,"timeoutSeconds":null,"minInstances":null,"maxInstances":null,"ingressSettings":null,"serviceAccountEmail":null,"vpc":null,"eventTrigger":{"eventType":"providers/firebase.auth/eventTypes/user.create","eventFilters":{"resource":"projects/peekaboo-fbf1a"},"retry":false},"labels":{},"entryPoint":"userCreated"}},"specVersion":"v1alpha1","requiredAPIs":[],"extensions":{}}
[info] i  extensions: ensuring required API firebaseextensions.googleapis.com is enabled... 
[debug] [2025-09-26T00:26:11.231Z] Checked if tokens are valid: true, expires at: 1758848600737
[debug] [2025-09-26T00:26:11.231Z] Checked if tokens are valid: true, expires at: 1758848600737
[debug] [2025-09-26T00:26:11.231Z] >>> [apiv2][query] GET https://serviceusage.googleapis.com/v1/projects/peekaboo-fbf1a/services/firebaseextensions.googleapis.com [none]
[debug] [2025-09-26T00:26:11.231Z] >>> [apiv2][(partial)header] GET https://serviceusage.googleapis.com/v1/projects/peekaboo-fbf1a/services/firebaseextensions.googleapis.com x-goog-quota-user=projects/peekaboo-fbf1a
[debug] [2025-09-26T00:26:13.414Z] <<< [apiv2][status] GET https://serviceusage.googleapis.com/v1/projects/peekaboo-fbf1a/services/firebaseextensions.googleapis.com 200
[debug] [2025-09-26T00:26:13.414Z] <<< [apiv2][body] GET https://serviceusage.googleapis.com/v1/projects/peekaboo-fbf1a/services/firebaseextensions.googleapis.com [omitted]
[info] ✔  extensions: required API firebaseextensions.googleapis.com is enabled 
[debug] [2025-09-26T00:26:13.414Z] > command requires scopes: ["email","openid","https://www.googleapis.com/auth/cloudplatformprojects.readonly","https://www.googleapis.com/auth/firebase","https://www.googleapis.com/auth/cloud-platform"]
[debug] [2025-09-26T00:26:13.414Z] > authorizing via signed-in user (wintersunset95@gmail.com)
[debug] [2025-09-26T00:26:13.416Z] [iam] checking project peekaboo-fbf1a for permissions ["firebase.projects.get","firebaseextensions.instances.list"]
[debug] [2025-09-26T00:26:13.416Z] Checked if tokens are valid: true, expires at: 1758848600737
[debug] [2025-09-26T00:26:13.417Z] Checked if tokens are valid: true, expires at: 1758848600737
[debug] [2025-09-26T00:26:13.417Z] >>> [apiv2][query] POST https://cloudresourcemanager.googleapis.com/v1/projects/peekaboo-fbf1a:testIamPermissions [none]
[debug] [2025-09-26T00:26:13.417Z] >>> [apiv2][(partial)header] POST https://cloudresourcemanager.googleapis.com/v1/projects/peekaboo-fbf1a:testIamPermissions x-goog-quota-user=projects/peekaboo-fbf1a
[debug] [2025-09-26T00:26:13.417Z] >>> [apiv2][body] POST https://cloudresourcemanager.googleapis.com/v1/projects/peekaboo-fbf1a:testIamPermissions {"permissions":["firebase.projects.get","firebaseextensions.instances.list"]}
[debug] [2025-09-26T00:26:15.353Z] <<< [apiv2][status] POST https://cloudresourcemanager.googleapis.com/v1/projects/peekaboo-fbf1a:testIamPermissions 200
[debug] [2025-09-26T00:26:15.353Z] <<< [apiv2][body] POST https://cloudresourcemanager.googleapis.com/v1/projects/peekaboo-fbf1a:testIamPermissions {"permissions":["firebase.projects.get","firebaseextensions.instances.list"]}
[debug] [2025-09-26T00:26:15.354Z] Checked if tokens are valid: true, expires at: 1758848600737
[debug] [2025-09-26T00:26:15.355Z] Checked if tokens are valid: true, expires at: 1758848600737
[debug] [2025-09-26T00:26:15.356Z] >>> [apiv2][query] GET https://firebaseextensions.googleapis.com/v1beta/projects/peekaboo-fbf1a/instances pageSize=100&pageToken=
[debug] [2025-09-26T00:26:17.244Z] <<< [apiv2][status] GET https://firebaseextensions.googleapis.com/v1beta/projects/peekaboo-fbf1a/instances 200
[debug] [2025-09-26T00:26:17.244Z] <<< [apiv2][body] GET https://firebaseextensions.googleapis.com/v1beta/projects/peekaboo-fbf1a/instances {}
[info] i  functions: preparing functions directory for uploading... 
[info] i  functions: packaged /home/autumn/Apache/PeekABoo/peek-a-boo/functions (95.43 KB) for uploading 
[debug] [2025-09-26T00:26:17.341Z] Checked if tokens are valid: true, expires at: 1758848600737
[debug] [2025-09-26T00:26:17.342Z] Checked if tokens are valid: true, expires at: 1758848600737
[debug] [2025-09-26T00:26:17.342Z] >>> [apiv2][query] GET https://cloudfunctions.googleapis.com/v1/projects/peekaboo-fbf1a/locations/-/functions [none]
[debug] [2025-09-26T00:26:18.371Z] <<< [apiv2][status] GET https://cloudfunctions.googleapis.com/v1/projects/peekaboo-fbf1a/locations/-/functions 200
[debug] [2025-09-26T00:26:18.371Z] <<< [apiv2][body] GET https://cloudfunctions.googleapis.com/v1/projects/peekaboo-fbf1a/locations/-/functions {}
[debug] [2025-09-26T00:26:18.372Z] Checked if tokens are valid: true, expires at: 1758848600737
[debug] [2025-09-26T00:26:18.372Z] Checked if tokens are valid: true, expires at: 1758848600737
[debug] [2025-09-26T00:26:18.372Z] >>> [apiv2][query] GET https://cloudfunctions.googleapis.com/v2/projects/peekaboo-fbf1a/locations/-/functions filter=environment%3D%22GEN_2%22
[debug] [2025-09-26T00:26:20.156Z] <<< [apiv2][status] GET https://cloudfunctions.googleapis.com/v2/projects/peekaboo-fbf1a/locations/-/functions 200
[debug] [2025-09-26T00:26:20.156Z] <<< [apiv2][body] GET https://cloudfunctions.googleapis.com/v2/projects/peekaboo-fbf1a/locations/-/functions {}
[debug] [2025-09-26T00:26:20.161Z] Checked if tokens are valid: true, expires at: 1758848600737
[debug] [2025-09-26T00:26:20.161Z] Checked if tokens are valid: true, expires at: 1758848600737
[debug] [2025-09-26T00:26:20.163Z] >>> [apiv2][query] GET https://cloudresourcemanager.googleapis.com/v1/projects/peekaboo-fbf1a [none]
[debug] [2025-09-26T00:26:20.528Z] <<< [apiv2][status] GET https://cloudresourcemanager.googleapis.com/v1/projects/peekaboo-fbf1a 200
[debug] [2025-09-26T00:26:20.528Z] <<< [apiv2][body] GET https://cloudresourcemanager.googleapis.com/v1/projects/peekaboo-fbf1a {"projectNumber":"1081048087865","projectId":"peekaboo-fbf1a","lifecycleState":"ACTIVE","name":"PeekABoo","labels":{"firebase":"enabled","firebase-core":"disabled"},"createTime":"2025-09-24T00:18:58.244176Z"}
[debug] [2025-09-26T00:26:20.529Z] Checked if tokens are valid: true, expires at: 1758848600737
[debug] [2025-09-26T00:26:20.529Z] Checked if tokens are valid: true, expires at: 1758848600737
[debug] [2025-09-26T00:26:20.530Z] >>> [apiv2][query] GET https://cloudbilling.googleapis.com/v1/projects/peekaboo-fbf1a/billingInfo [none]
[debug] [2025-09-26T00:26:22.196Z] <<< [apiv2][status] GET https://cloudbilling.googleapis.com/v1/projects/peekaboo-fbf1a/billingInfo 200
[debug] [2025-09-26T00:26:22.196Z] <<< [apiv2][body] GET https://cloudbilling.googleapis.com/v1/projects/peekaboo-fbf1a/billingInfo {"name":"projects/peekaboo-fbf1a/billingInfo","projectId":"peekaboo-fbf1a","billingAccountName":"billingAccounts/01E920-78E303-137D15","billingEnabled":true}
[debug] [2025-09-26T00:26:22.198Z] Checked if tokens are valid: true, expires at: 1758848600737
[debug] [2025-09-26T00:26:22.198Z] Checked if tokens are valid: true, expires at: 1758848600737
[debug] [2025-09-26T00:26:22.198Z] >>> [apiv2][query] POST https://cloudfunctions.googleapis.com/v1/projects/peekaboo-fbf1a/locations/us-central1/functions:generateUploadUrl [none]
[debug] [2025-09-26T00:26:22.198Z] >>> [apiv2][body] POST https://cloudfunctions.googleapis.com/v1/projects/peekaboo-fbf1a/locations/us-central1/functions:generateUploadUrl {}
[debug] [2025-09-26T00:26:23.082Z] <<< [apiv2][status] POST https://cloudfunctions.googleapis.com/v1/projects/peekaboo-fbf1a/locations/us-central1/functions:generateUploadUrl 200
[debug] [2025-09-26T00:26:23.083Z] <<< [apiv2][body] POST https://cloudfunctions.googleapis.com/v1/projects/peekaboo-fbf1a/locations/us-central1/functions:generateUploadUrl {"uploadUrl":"https://storage.googleapis.com/uploads-485161728726.us-central1.cloudfunctions.appspot.com/710ec5bd-e637-49ce-be09-a8a8e01e0c40.zip?GoogleAccessId=service-1081048087865@gcf-admin-robot.iam.gserviceaccount.com&Expires=1758848182&Signature=IDFxQyazRk29JHtLWJxJn7RGCg0X7ebwP5piltw%2B%2FUCHNh4sllVnzX7iUq2kBkV0e5qpYC2LUZLUZGmo98ipjdgAe5ymqT52tIDTO0TlpZ80gEepiEt7SAXlGiPC9xmkhLUosrTSVpxtRbFNLKDhkzuz0g0iZqllVrYjiW0W2clbqk%2F4sqd1j1sDX%2FksbD4BJ7E4t99fI3QXTHNLpmoYr%2FJEkKamyRn6lsHKuhBxZ8n%2B2p1m7XGMmcT5RYlLSy%2FjYJkTUpP2NOdhRxQ3ZbLZprzX4e9DfiHwjLUGT1fjXeGhD4sC9qeKYh7G0mVYV87NK68l3lJIuE14cjvyWO1NWg%3D%3D"}
[debug] [2025-09-26T00:26:23.084Z] >>> [apiv2][query] PUT https://storage.googleapis.com/uploads-485161728726.us-central1.cloudfunctions.appspot.com/710ec5bd-e637-49ce-be09-a8a8e01e0c40.zip GoogleAccessId=service-1081048087865%40gcf-admin-robot.iam.gserviceaccount.com&Expires=1758848182&Signature=IDFxQyazRk29JHtLWJxJn7RGCg0X7ebwP5piltw%2B%2FUCHNh4sllVnzX7iUq2kBkV0e5qpYC2LUZLUZGmo98ipjdgAe5ymqT52tIDTO0TlpZ80gEepiEt7SAXlGiPC9xmkhLUosrTSVpxtRbFNLKDhkzuz0g0iZqllVrYjiW0W2clbqk%2F4sqd1j1sDX%2FksbD4BJ7E4t99fI3QXTHNLpmoYr%2FJEkKamyRn6lsHKuhBxZ8n%2B2p1m7XGMmcT5RYlLSy%2FjYJkTUpP2NOdhRxQ3ZbLZprzX4e9DfiHwjLUGT1fjXeGhD4sC9qeKYh7G0mVYV87NK68l3lJIuE14cjvyWO1NWg%3D%3D
[debug] [2025-09-26T00:26:23.084Z] >>> [apiv2][body] PUT https://storage.googleapis.com/uploads-485161728726.us-central1.cloudfunctions.appspot.com/710ec5bd-e637-49ce-be09-a8a8e01e0c40.zip [stream]
[debug] [2025-09-26T00:26:24.656Z] <<< [apiv2][status] PUT https://storage.googleapis.com/uploads-485161728726.us-central1.cloudfunctions.appspot.com/710ec5bd-e637-49ce-be09-a8a8e01e0c40.zip 200
[debug] [2025-09-26T00:26:24.656Z] <<< [apiv2][body] PUT https://storage.googleapis.com/uploads-485161728726.us-central1.cloudfunctions.appspot.com/710ec5bd-e637-49ce-be09-a8a8e01e0c40.zip [omitted]
[info] ✔  functions: functions folder uploaded successfully 
[info] i  functions: creating Node.js 22 (1st Gen) function userCreated(us-central1)... 
[debug] [2025-09-26T00:26:24.662Z] Checked if tokens are valid: true, expires at: 1758848600737
[debug] [2025-09-26T00:26:24.662Z] Checked if tokens are valid: true, expires at: 1758848600737
[debug] [2025-09-26T00:26:24.662Z] >>> [apiv2][query] POST https://cloudfunctions.googleapis.com/v1/projects/peekaboo-fbf1a/locations/us-central1/functions [none]
[debug] [2025-09-26T00:26:24.662Z] >>> [apiv2][body] POST https://cloudfunctions.googleapis.com/v1/projects/peekaboo-fbf1a/locations/us-central1/functions {"name":"projects/peekaboo-fbf1a/locations/us-central1/functions/userCreated","sourceUploadUrl":"https://storage.googleapis.com/uploads-485161728726.us-central1.cloudfunctions.appspot.com/710ec5bd-e637-49ce-be09-a8a8e01e0c40.zip?GoogleAccessId=service-1081048087865@gcf-admin-robot.iam.gserviceaccount.com&Expires=1758848182&Signature=IDFxQyazRk29JHtLWJxJn7RGCg0X7ebwP5piltw%2B%2FUCHNh4sllVnzX7iUq2kBkV0e5qpYC2LUZLUZGmo98ipjdgAe5ymqT52tIDTO0TlpZ80gEepiEt7SAXlGiPC9xmkhLUosrTSVpxtRbFNLKDhkzuz0g0iZqllVrYjiW0W2clbqk%2F4sqd1j1sDX%2FksbD4BJ7E4t99fI3QXTHNLpmoYr%2FJEkKamyRn6lsHKuhBxZ8n%2B2p1m7XGMmcT5RYlLSy%2FjYJkTUpP2NOdhRxQ3ZbLZprzX4e9DfiHwjLUGT1fjXeGhD4sC9qeKYh7G0mVYV87NK68l3lJIuE14cjvyWO1NWg%3D%3D","entryPoint":"userCreated","runtime":"nodejs22","dockerRegistry":"ARTIFACT_REGISTRY","labels":{"deployment-tool":"cli-firebase","firebase-functions-hash":"cb7e96533976899f4f51ae0bbdbf9b9132476a59"},"eventTrigger":{"eventType":"providers/firebase.auth/eventTypes/user.create","resource":"projects/peekaboo-fbf1a"},"minInstances":null,"maxInstances":null,"ingressSettings":null,"environmentVariables":{"FIREBASE_CONFIG":"{\"projectId\":\"peekaboo-fbf1a\",\"databaseURL\":\"https://peekaboo-fbf1a-default-rtdb.firebaseio.com\",\"storageBucket\":\"peekaboo-fbf1a.firebasestorage.app\"}","GCLOUD_PROJECT":"peekaboo-fbf1a","EVENTARC_CLOUD_EVENT_SOURCE":"projects/peekaboo-fbf1a/locations/us-central1/functions/userCreated"},"serviceAccountEmail":null,"availableMemoryMb":null,"timeout":null,"vpcConnector":null,"vpcConnectorEgressSettings":null,"buildEnvironmentVariables":{"GOOGLE_NODE_RUN_SCRIPTS":""}}
[debug] [2025-09-26T00:26:25.334Z] <<< [apiv2][status] POST https://cloudfunctions.googleapis.com/v1/projects/peekaboo-fbf1a/locations/us-central1/functions 400
[debug] [2025-09-26T00:26:25.335Z] <<< [apiv2][body] POST https://cloudfunctions.googleapis.com/v1/projects/peekaboo-fbf1a/locations/us-central1/functions {"error":{"code":400,"message":"Failed to create 1st Gen function projects/peekaboo-fbf1a/locations/us-central1/functions/userCreated: runtime: Runtime validation errors: [error_code: \t INVALID_RUNTIME\nmessage: \"Runtime \\\"nodejs22\\\" is not supported on GCF Gen1\"\n]","status":"INVALID_ARGUMENT"}}
[warn] ⚠  functions: failed to create function projects/peekaboo-fbf1a/locations/us-central1/functions/userCreated 
[error] Failed to create function projects/peekaboo-fbf1a/locations/us-central1/functions/userCreated
[debug] [2025-09-26T00:26:25.344Z] Total Function Deployment time: 677
[debug] [2025-09-26T00:26:25.344Z] 1 Functions Deployed
[debug] [2025-09-26T00:26:25.344Z] 1 Functions Errored
[debug] [2025-09-26T00:26:25.344Z] 0 Function Deployments Aborted
[debug] [2025-09-26T00:26:25.344Z] Average Function Deployment time: 677
[info] 
[info] Functions deploy had errors with the following functions:
	userCreated(us-central1)
[debug] [2025-09-26T00:26:25.699Z] Checked if tokens are valid: true, expires at: 1758848600737
[debug] [2025-09-26T00:26:25.699Z] Checked if tokens are valid: true, expires at: 1758848600737
[debug] [2025-09-26T00:26:25.699Z] >>> [apiv2][query] GET https://artifactregistry.googleapis.com/v1/projects/peekaboo-fbf1a/locations/us-central1/repositories/gcf-artifacts [none]
[debug] [2025-09-26T00:26:27.348Z] <<< [apiv2][status] GET https://artifactregistry.googleapis.com/v1/projects/peekaboo-fbf1a/locations/us-central1/repositories/gcf-artifacts 404
[debug] [2025-09-26T00:26:27.348Z] <<< [apiv2][body] GET https://artifactregistry.googleapis.com/v1/projects/peekaboo-fbf1a/locations/us-central1/repositories/gcf-artifacts {"error":{"code":404,"message":"Requested entity was not found.","status":"NOT_FOUND"}}
[debug] [2025-09-26T00:26:27.348Z] Failed to check artifact cleanup policy for region us-central1: Request to https://artifactregistry.googleapis.com/v1/projects/peekaboo-fbf1a/locations/us-central1/repositories/gcf-artifacts had HTTP Error: 404, Requested entity was not found. {"name":"FirebaseError","children":[],"context":{"body":{"error":{"code":404,"message":"Requested entity was not found.","status":"NOT_FOUND"}},"response":{"statusCode":404}},"exit":1,"message":"Request to https://artifactregistry.googleapis.com/v1/projects/peekaboo-fbf1a/locations/us-central1/repositories/gcf-artifacts had HTTP Error: 404, Requested entity was not found.","status":404}
[debug] [2025-09-26T00:26:27.349Z] Functions deploy failed.
[debug] [2025-09-26T00:26:27.349Z] {
  "endpoint": {
    "id": "userCreated",
    "project": "peekaboo-fbf1a",
    "region": "us-central1",
    "entryPoint": "userCreated",
    "platform": "gcfv1",
    "runtime": "nodejs22",
    "eventTrigger": {
      "eventType": "providers/firebase.auth/eventTypes/user.create",
      "retry": false,
      "eventFilters": {
        "resource": "projects/peekaboo-fbf1a"
      }
    },
    "labels": {
      "deployment-tool": "cli-firebase"
    },
    "serviceAccount": null,
    "ingressSettings": null,
    "availableMemoryMb": null,
    "timeoutSeconds": null,
    "maxInstances": null,
    "minInstances": null,
    "vpc": null,
    "environmentVariables": {
      "FIREBASE_CONFIG": "{\"projectId\":\"peekaboo-fbf1a\",\"databaseURL\":\"https://peekaboo-fbf1a-default-rtdb.firebaseio.com\",\"storageBucket\":\"peekaboo-fbf1a.firebasestorage.app\"}",
      "GCLOUD_PROJECT": "peekaboo-fbf1a",
      "EVENTARC_CLOUD_EVENT_SOURCE": "projects/peekaboo-fbf1a/locations/us-central1/functions/userCreated"
    },
    "codebase": "default",
    "targetedByOnly": false,
    "hash": "cb7e96533976899f4f51ae0bbdbf9b9132476a59"
  },
  "op": "create",
  "original": {
    "name": "FirebaseError",
    "children": [],
    "context": {
      "function": "projects/peekaboo-fbf1a/locations/us-central1/functions/userCreated"
    },
    "exit": 1,
    "message": "Failed to create function projects/peekaboo-fbf1a/locations/us-central1/functions/userCreated",
    "original": {
      "name": "FirebaseError",
      "children": [],
      "context": {
        "body": {
          "error": {
            "code": 400,
            "message": "Failed to create 1st Gen function projects/peekaboo-fbf1a/locations/us-central1/functions/userCreated: runtime: Runtime validation errors: [error_code: \t INVALID_RUNTIME\nmessage: \"Runtime \\\"nodejs22\\\" is not supported on GCF Gen1\"\n]",
            "status": "INVALID_ARGUMENT"
          }
        },
        "response": {
          "statusCode": 400
        }
      },
      "exit": 1,
      "message": "Request to https://cloudfunctions.googleapis.com/v1/projects/peekaboo-fbf1a/locations/us-central1/functions had HTTP Error: 400, Failed to create 1st Gen function projects/peekaboo-fbf1a/locations/us-central1/functions/userCreated: runtime: Runtime validation errors: [error_code: \t INVALID_RUNTIME\nmessage: \"Runtime \\\"nodejs22\\\" is not supported on GCF Gen1\"\n]",
      "status": 400
    },
    "status": 400,
    "code": 400
  }
}
[debug] [2025-09-26T00:26:27.501Z] Error: Failed to create function userCreated in region us-central1
    at /home/autumn/.nvm/versions/node/v22.13.0/lib/node_modules/firebase-tools/lib/deploy/functions/release/fabricator.js:52:11
    at process.processTicksAndRejections (node:internal/process/task_queues:105:5)
    at async Fabricator.createV1Function (/home/autumn/.nvm/versions/node/v22.13.0/lib/node_modules/firebase-tools/lib/deploy/functions/release/fabricator.js:182:32)
    at async Fabricator.createEndpoint (/home/autumn/.nvm/versions/node/v22.13.0/lib/node_modules/firebase-tools/lib/deploy/functions/release/fabricator.js:134:13)
    at async handle (/home/autumn/.nvm/versions/node/v22.13.0/lib/node_modules/firebase-tools/lib/deploy/functions/release/fabricator.js:89:17)
[error] 
[error] Error: There was an error deploying functions
